{"/app/__mocks__/fileMock.js": {"path":"/app/__mocks__/fileMock.js","all":true,"statementMap":{"0":{"start":{"line":1,"column":0},"end":{"line":1,"column":20}}},"s":{"0":0},"branchMap":{"0":{"type":"branch","line":1,"loc":{"start":{"line":1,"column":20},"end":{"line":1,"column":20}},"locations":[{"start":{"line":1,"column":20},"end":{"line":1,"column":20}}]}},"b":{"0":[0]},"fnMap":{"0":{"name":"(empty-report)","decl":{"start":{"line":1,"column":20},"end":{"line":1,"column":20}},"loc":{"start":{"line":1,"column":20},"end":{"line":1,"column":20}},"line":1}},"f":{"0":0}}
,"/app/public/mockServiceWorker.js": {"path":"/app/public/mockServiceWorker.js","all":true,"statementMap":{"0":{"start":{"line":1,"column":0},"end":{"line":1,"column":20}},"1":{"start":{"line":2,"column":0},"end":{"line":2,"column":20}},"3":{"start":{"line":4,"column":0},"end":{"line":4,"column":3}},"4":{"start":{"line":5,"column":0},"end":{"line":5,"column":23}},"5":{"start":{"line":6,"column":0},"end":{"line":6,"column":36}},"6":{"start":{"line":7,"column":0},"end":{"line":7,"column":36}},"7":{"start":{"line":8,"column":0},"end":{"line":8,"column":49}},"8":{"start":{"line":9,"column":0},"end":{"line":9,"column":3}},"10":{"start":{"line":11,"column":0},"end":{"line":11,"column":31}},"11":{"start":{"line":12,"column":0},"end":{"line":12,"column":61}},"12":{"start":{"line":13,"column":0},"end":{"line":13,"column":53}},"13":{"start":{"line":14,"column":0},"end":{"line":14,"column":33}},"15":{"start":{"line":16,"column":0},"end":{"line":16,"column":46}},"16":{"start":{"line":17,"column":0},"end":{"line":17,"column":20}},"17":{"start":{"line":18,"column":0},"end":{"line":18,"column":2}},"19":{"start":{"line":20,"column":0},"end":{"line":20,"column":52}},"20":{"start":{"line":21,"column":0},"end":{"line":21,"column":39}},"21":{"start":{"line":22,"column":0},"end":{"line":22,"column":2}},"23":{"start":{"line":24,"column":0},"end":{"line":24,"column":57}},"24":{"start":{"line":25,"column":0},"end":{"line":25,"column":34}},"26":{"start":{"line":27,"column":0},"end":{"line":27,"column":35}},"27":{"start":{"line":28,"column":0},"end":{"line":28,"column":10}},"28":{"start":{"line":29,"column":0},"end":{"line":29,"column":3}},"30":{"start":{"line":31,"column":0},"end":{"line":31,"column":49}},"32":{"start":{"line":33,"column":0},"end":{"line":33,"column":16}},"33":{"start":{"line":34,"column":0},"end":{"line":34,"column":10}},"34":{"start":{"line":35,"column":0},"end":{"line":35,"column":3}},"36":{"start":{"line":37,"column":0},"end":{"line":37,"column":50}},"37":{"start":{"line":38,"column":0},"end":{"line":38,"column":19}},"38":{"start":{"line":39,"column":0},"end":{"line":39,"column":4}},"40":{"start":{"line":41,"column":0},"end":{"line":41,"column":23}},"41":{"start":{"line":42,"column":0},"end":{"line":42,"column":31}},"42":{"start":{"line":43,"column":0},"end":{"line":43,"column":28}},"43":{"start":{"line":44,"column":0},"end":{"line":44,"column":35}},"44":{"start":{"line":45,"column":0},"end":{"line":45,"column":8}},"45":{"start":{"line":46,"column":0},"end":{"line":46,"column":11}},"46":{"start":{"line":47,"column":0},"end":{"line":47,"column":5}},"48":{"start":{"line":49,"column":0},"end":{"line":49,"column":37}},"49":{"start":{"line":50,"column":0},"end":{"line":50,"column":28}},"50":{"start":{"line":51,"column":0},"end":{"line":51,"column":41}},"51":{"start":{"line":52,"column":0},"end":{"line":52,"column":18}},"52":{"start":{"line":53,"column":0},"end":{"line":53,"column":42}},"53":{"start":{"line":54,"column":0},"end":{"line":54,"column":39}},"54":{"start":{"line":55,"column":0},"end":{"line":55,"column":10}},"55":{"start":{"line":56,"column":0},"end":{"line":56,"column":8}},"56":{"start":{"line":57,"column":0},"end":{"line":57,"column":11}},"57":{"start":{"line":58,"column":0},"end":{"line":58,"column":5}},"59":{"start":{"line":60,"column":0},"end":{"line":60,"column":27}},"60":{"start":{"line":61,"column":0},"end":{"line":61,"column":35}},"62":{"start":{"line":63,"column":0},"end":{"line":63,"column":28}},"63":{"start":{"line":64,"column":0},"end":{"line":64,"column":32}},"64":{"start":{"line":65,"column":0},"end":{"line":65,"column":18}},"65":{"start":{"line":66,"column":0},"end":{"line":66,"column":19}},"66":{"start":{"line":67,"column":0},"end":{"line":67,"column":26}},"67":{"start":{"line":68,"column":0},"end":{"line":68,"column":40}},"68":{"start":{"line":69,"column":0},"end":{"line":69,"column":12}},"69":{"start":{"line":70,"column":0},"end":{"line":70,"column":10}},"70":{"start":{"line":71,"column":0},"end":{"line":71,"column":8}},"71":{"start":{"line":72,"column":0},"end":{"line":72,"column":11}},"72":{"start":{"line":73,"column":0},"end":{"line":73,"column":5}},"74":{"start":{"line":75,"column":0},"end":{"line":75,"column":29}},"75":{"start":{"line":76,"column":0},"end":{"line":76,"column":38}},"76":{"start":{"line":77,"column":0},"end":{"line":77,"column":11}},"77":{"start":{"line":78,"column":0},"end":{"line":78,"column":5}},"79":{"start":{"line":80,"column":0},"end":{"line":80,"column":27}},"80":{"start":{"line":81,"column":0},"end":{"line":81,"column":38}},"82":{"start":{"line":83,"column":0},"end":{"line":83,"column":62}},"83":{"start":{"line":84,"column":0},"end":{"line":84,"column":37}},"84":{"start":{"line":85,"column":0},"end":{"line":85,"column":8}},"86":{"start":{"line":87,"column":0},"end":{"line":87,"column":57}},"87":{"start":{"line":88,"column":0},"end":{"line":88,"column":42}},"88":{"start":{"line":89,"column":0},"end":{"line":89,"column":38}},"89":{"start":{"line":90,"column":0},"end":{"line":90,"column":7}},"91":{"start":{"line":92,"column":0},"end":{"line":92,"column":11}},"92":{"start":{"line":93,"column":0},"end":{"line":93,"column":5}},"93":{"start":{"line":94,"column":0},"end":{"line":94,"column":3}},"94":{"start":{"line":95,"column":0},"end":{"line":95,"column":2}},"96":{"start":{"line":97,"column":0},"end":{"line":97,"column":49}},"97":{"start":{"line":98,"column":0},"end":{"line":98,"column":27}},"99":{"start":{"line":100,"column":0},"end":{"line":100,"column":32}},"100":{"start":{"line":101,"column":0},"end":{"line":101,"column":36}},"101":{"start":{"line":102,"column":0},"end":{"line":102,"column":10}},"102":{"start":{"line":103,"column":0},"end":{"line":103,"column":3}},"104":{"start":{"line":105,"column":0},"end":{"line":105,"column":63}},"105":{"start":{"line":106,"column":0},"end":{"line":106,"column":64}},"106":{"start":{"line":107,"column":0},"end":{"line":107,"column":77}},"107":{"start":{"line":108,"column":0},"end":{"line":108,"column":10}},"108":{"start":{"line":109,"column":0},"end":{"line":109,"column":3}},"110":{"start":{"line":111,"column":0},"end":{"line":111,"column":58}},"111":{"start":{"line":112,"column":0},"end":{"line":112,"column":65}},"112":{"start":{"line":113,"column":0},"end":{"line":113,"column":74}},"113":{"start":{"line":114,"column":0},"end":{"line":114,"column":35}},"114":{"start":{"line":115,"column":0},"end":{"line":115,"column":10}},"115":{"start":{"line":116,"column":0},"end":{"line":116,"column":3}},"117":{"start":{"line":118,"column":0},"end":{"line":118,"column":32}},"118":{"start":{"line":119,"column":0},"end":{"line":119,"column":39}},"119":{"start":{"line":120,"column":0},"end":{"line":120,"column":52}},"120":{"start":{"line":121,"column":0},"end":{"line":121,"column":2}},"122":{"start":{"line":123,"column":0},"end":{"line":123,"column":48}},"123":{"start":{"line":124,"column":0},"end":{"line":124,"column":47}},"124":{"start":{"line":125,"column":0},"end":{"line":125,"column":62}},"126":{"start":{"line":127,"column":0},"end":{"line":127,"column":73}},"127":{"start":{"line":128,"column":0},"end":{"line":128,"column":68}},"128":{"start":{"line":129,"column":0},"end":{"line":129,"column":41}},"129":{"start":{"line":130,"column":0},"end":{"line":130,"column":49}},"130":{"start":{"line":131,"column":0},"end":{"line":131,"column":25}},"131":{"start":{"line":132,"column":0},"end":{"line":132,"column":44}},"133":{"start":{"line":134,"column":0},"end":{"line":134,"column":19}},"134":{"start":{"line":135,"column":0},"end":{"line":135,"column":15}},"135":{"start":{"line":136,"column":0},"end":{"line":136,"column":9}},"136":{"start":{"line":137,"column":0},"end":{"line":137,"column":27}},"137":{"start":{"line":138,"column":0},"end":{"line":138,"column":20}},"138":{"start":{"line":139,"column":0},"end":{"line":139,"column":22}},"139":{"start":{"line":140,"column":0},"end":{"line":140,"column":61}},"140":{"start":{"line":141,"column":0},"end":{"line":141,"column":37}},"141":{"start":{"line":142,"column":0},"end":{"line":142,"column":41}},"142":{"start":{"line":143,"column":0},"end":{"line":143,"column":49}},"143":{"start":{"line":144,"column":0},"end":{"line":144,"column":37}},"144":{"start":{"line":145,"column":0},"end":{"line":145,"column":73}},"145":{"start":{"line":146,"column":0},"end":{"line":146,"column":12}},"146":{"start":{"line":147,"column":0},"end":{"line":147,"column":10}},"147":{"start":{"line":148,"column":0},"end":{"line":148,"column":29}},"148":{"start":{"line":149,"column":0},"end":{"line":149,"column":7}},"149":{"start":{"line":150,"column":0},"end":{"line":150,"column":8}},"150":{"start":{"line":151,"column":0},"end":{"line":151,"column":3}},"152":{"start":{"line":153,"column":0},"end":{"line":153,"column":17}},"153":{"start":{"line":154,"column":0},"end":{"line":154,"column":1}},"155":{"start":{"line":156,"column":0},"end":{"line":156,"column":47}},"156":{"start":{"line":157,"column":0},"end":{"line":157,"column":68}},"157":{"start":{"line":158,"column":0},"end":{"line":158,"column":69}},"158":{"start":{"line":159,"column":0},"end":{"line":159,"column":56}},"159":{"start":{"line":160,"column":0},"end":{"line":160,"column":41}},"160":{"start":{"line":161,"column":0},"end":{"line":161,"column":55}},"162":{"start":{"line":163,"column":0},"end":{"line":163,"column":44}},"163":{"start":{"line":164,"column":0},"end":{"line":164,"column":17}},"164":{"start":{"line":165,"column":0},"end":{"line":165,"column":3}},"166":{"start":{"line":167,"column":0},"end":{"line":167,"column":42}},"167":{"start":{"line":168,"column":0},"end":{"line":168,"column":17}},"168":{"start":{"line":169,"column":0},"end":{"line":169,"column":3}},"170":{"start":{"line":171,"column":0},"end":{"line":171,"column":50}},"171":{"start":{"line":172,"column":0},"end":{"line":172,"column":19}},"172":{"start":{"line":173,"column":0},"end":{"line":173,"column":4}},"174":{"start":{"line":175,"column":0},"end":{"line":175,"column":19}},"175":{"start":{"line":176,"column":0},"end":{"line":176,"column":25}},"176":{"start":{"line":177,"column":0},"end":{"line":177,"column":59}},"177":{"start":{"line":178,"column":0},"end":{"line":178,"column":49}},"178":{"start":{"line":179,"column":0},"end":{"line":179,"column":6}},"179":{"start":{"line":180,"column":0},"end":{"line":180,"column":23}},"180":{"start":{"line":181,"column":0},"end":{"line":181,"column":50}},"181":{"start":{"line":182,"column":0},"end":{"line":182,"column":56}},"182":{"start":{"line":183,"column":0},"end":{"line":183,"column":43}},"183":{"start":{"line":184,"column":0},"end":{"line":184,"column":6}},"184":{"start":{"line":185,"column":0},"end":{"line":185,"column":1}},"186":{"start":{"line":187,"column":0},"end":{"line":187,"column":54}},"187":{"start":{"line":188,"column":0},"end":{"line":188,"column":27}},"189":{"start":{"line":190,"column":0},"end":{"line":190,"column":60}},"190":{"start":{"line":191,"column":0},"end":{"line":191,"column":58}},"191":{"start":{"line":192,"column":0},"end":{"line":192,"column":38}},"193":{"start":{"line":194,"column":0},"end":{"line":194,"column":26}},"194":{"start":{"line":195,"column":0},"end":{"line":195,"column":57}},"195":{"start":{"line":196,"column":0},"end":{"line":196,"column":46}},"196":{"start":{"line":197,"column":0},"end":{"line":197,"column":53}},"198":{"start":{"line":199,"column":0},"end":{"line":199,"column":80}},"199":{"start":{"line":200,"column":0},"end":{"line":200,"column":76}},"200":{"start":{"line":201,"column":0},"end":{"line":201,"column":34}},"201":{"start":{"line":202,"column":0},"end":{"line":202,"column":46}},"202":{"start":{"line":203,"column":0},"end":{"line":203,"column":23}},"203":{"start":{"line":204,"column":0},"end":{"line":204,"column":73}},"204":{"start":{"line":205,"column":0},"end":{"line":205,"column":43}},"205":{"start":{"line":206,"column":0},"end":{"line":206,"column":47}},"206":{"start":{"line":207,"column":0},"end":{"line":207,"column":7}},"208":{"start":{"line":209,"column":0},"end":{"line":209,"column":38}},"209":{"start":{"line":210,"column":0},"end":{"line":210,"column":56}},"210":{"start":{"line":211,"column":0},"end":{"line":211,"column":14}},"211":{"start":{"line":212,"column":0},"end":{"line":212,"column":32}},"212":{"start":{"line":213,"column":0},"end":{"line":213,"column":7}},"213":{"start":{"line":214,"column":0},"end":{"line":214,"column":5}},"215":{"start":{"line":216,"column":0},"end":{"line":216,"column":43}},"216":{"start":{"line":217,"column":0},"end":{"line":217,"column":3}},"218":{"start":{"line":219,"column":0},"end":{"line":219,"column":50}},"219":{"start":{"line":220,"column":0},"end":{"line":220,"column":16}},"220":{"start":{"line":221,"column":0},"end":{"line":221,"column":24}},"221":{"start":{"line":222,"column":0},"end":{"line":222,"column":3}},"223":{"start":{"line":224,"column":0},"end":{"line":224,"column":60}},"224":{"start":{"line":225,"column":0},"end":{"line":225,"column":80}},"225":{"start":{"line":226,"column":0},"end":{"line":226,"column":67}},"226":{"start":{"line":227,"column":0},"end":{"line":227,"column":41}},"227":{"start":{"line":228,"column":0},"end":{"line":228,"column":40}},"228":{"start":{"line":229,"column":0},"end":{"line":229,"column":24}},"229":{"start":{"line":230,"column":0},"end":{"line":230,"column":3}},"231":{"start":{"line":232,"column":0},"end":{"line":232,"column":59}},"232":{"start":{"line":233,"column":0},"end":{"line":233,"column":51}},"233":{"start":{"line":234,"column":0},"end":{"line":234,"column":43}},"234":{"start":{"line":235,"column":0},"end":{"line":235,"column":11}},"235":{"start":{"line":236,"column":0},"end":{"line":236,"column":5}},"236":{"start":{"line":237,"column":0},"end":{"line":237,"column":22}},"237":{"start":{"line":238,"column":0},"end":{"line":238,"column":16}},"238":{"start":{"line":239,"column":0},"end":{"line":239,"column":22}},"239":{"start":{"line":240,"column":0},"end":{"line":240,"column":25}},"240":{"start":{"line":241,"column":0},"end":{"line":241,"column":27}},"241":{"start":{"line":242,"column":0},"end":{"line":242,"column":31}},"242":{"start":{"line":243,"column":0},"end":{"line":243,"column":63}},"243":{"start":{"line":244,"column":0},"end":{"line":244,"column":29}},"244":{"start":{"line":245,"column":0},"end":{"line":245,"column":41}},"245":{"start":{"line":246,"column":0},"end":{"line":246,"column":41}},"246":{"start":{"line":247,"column":0},"end":{"line":247,"column":37}},"247":{"start":{"line":248,"column":0},"end":{"line":248,"column":35}},"248":{"start":{"line":249,"column":0},"end":{"line":249,"column":35}},"249":{"start":{"line":250,"column":0},"end":{"line":250,"column":47}},"250":{"start":{"line":251,"column":0},"end":{"line":251,"column":28}},"251":{"start":{"line":252,"column":0},"end":{"line":252,"column":37}},"252":{"start":{"line":253,"column":0},"end":{"line":253,"column":8}},"253":{"start":{"line":254,"column":0},"end":{"line":254,"column":6}},"254":{"start":{"line":255,"column":0},"end":{"line":255,"column":20}},"255":{"start":{"line":256,"column":0},"end":{"line":256,"column":3}},"257":{"start":{"line":258,"column":0},"end":{"line":258,"column":31}},"258":{"start":{"line":259,"column":0},"end":{"line":259,"column":27}},"259":{"start":{"line":260,"column":0},"end":{"line":260,"column":48}},"260":{"start":{"line":261,"column":0},"end":{"line":261,"column":5}},"262":{"start":{"line":263,"column":0},"end":{"line":263,"column":25}},"263":{"start":{"line":264,"column":0},"end":{"line":264,"column":26}},"264":{"start":{"line":265,"column":0},"end":{"line":265,"column":5}},"265":{"start":{"line":266,"column":0},"end":{"line":266,"column":3}},"267":{"start":{"line":268,"column":0},"end":{"line":268,"column":22}},"268":{"start":{"line":269,"column":0},"end":{"line":269,"column":1}},"270":{"start":{"line":271,"column":0},"end":{"line":271,"column":61}},"271":{"start":{"line":272,"column":0},"end":{"line":272,"column":43}},"272":{"start":{"line":273,"column":0},"end":{"line":273,"column":40}},"274":{"start":{"line":275,"column":0},"end":{"line":275,"column":42}},"275":{"start":{"line":276,"column":0},"end":{"line":276,"column":43}},"276":{"start":{"line":277,"column":0},"end":{"line":277,"column":39}},"277":{"start":{"line":278,"column":0},"end":{"line":278,"column":7}},"279":{"start":{"line":280,"column":0},"end":{"line":280,"column":25}},"280":{"start":{"line":281,"column":0},"end":{"line":281,"column":5}},"282":{"start":{"line":283,"column":0},"end":{"line":283,"column":23}},"283":{"start":{"line":284,"column":0},"end":{"line":284,"column":14}},"284":{"start":{"line":285,"column":0},"end":{"line":285,"column":61}},"285":{"start":{"line":286,"column":0},"end":{"line":286,"column":5}},"286":{"start":{"line":287,"column":0},"end":{"line":287,"column":4}},"287":{"start":{"line":288,"column":0},"end":{"line":288,"column":1}},"289":{"start":{"line":290,"column":0},"end":{"line":290,"column":42}},"290":{"start":{"line":291,"column":0},"end":{"line":291,"column":50}},"291":{"start":{"line":292,"column":0},"end":{"line":292,"column":78}},"292":{"start":{"line":293,"column":0},"end":{"line":293,"column":79}},"293":{"start":{"line":294,"column":0},"end":{"line":294,"column":77}},"294":{"start":{"line":295,"column":0},"end":{"line":295,"column":30}},"295":{"start":{"line":296,"column":0},"end":{"line":296,"column":27}},"296":{"start":{"line":297,"column":0},"end":{"line":297,"column":3}},"298":{"start":{"line":299,"column":0},"end":{"line":299,"column":62}},"300":{"start":{"line":301,"column":0},"end":{"line":301,"column":62}},"301":{"start":{"line":302,"column":0},"end":{"line":302,"column":16}},"302":{"start":{"line":303,"column":0},"end":{"line":303,"column":21}},"303":{"start":{"line":304,"column":0},"end":{"line":304,"column":4}},"305":{"start":{"line":306,"column":0},"end":{"line":306,"column":23}},"306":{"start":{"line":307,"column":0},"end":{"line":307,"column":1}}},"s":{"0":0,"1":0,"3":0,"4":0,"5":0,"6":0,"7":0,"8":0,"10":0,"11":0,"12":0,"13":0,"15":0,"16":0,"17":0,"19":0,"20":0,"21":0,"23":0,"24":0,"26":0,"27":0,"28":0,"30":0,"32":0,"33":0,"34":0,"36":0,"37":0,"38":0,"40":0,"41":0,"42":0,"43":0,"44":0,"45":0,"46":0,"48":0,"49":0,"50":0,"51":0,"52":0,"53":0,"54":0,"55":0,"56":0,"57":0,"59":0,"60":0,"62":0,"63":0,"64":0,"65":0,"66":0,"67":0,"68":0,"69":0,"70":0,"71":0,"72":0,"74":0,"75":0,"76":0,"77":0,"79":0,"80":0,"82":0,"83":0,"84":0,"86":0,"87":0,"88":0,"89":0,"91":0,"92":0,"93":0,"94":0,"96":0,"97":0,"99":0,"100":0,"101":0,"102":0,"104":0,"105":0,"106":0,"107":0,"108":0,"110":0,"111":0,"112":0,"113":0,"114":0,"115":0,"117":0,"118":0,"119":0,"120":0,"122":0,"123":0,"124":0,"126":0,"127":0,"128":0,"129":0,"130":0,"131":0,"133":0,"134":0,"135":0,"136":0,"137":0,"138":0,"139":0,"140":0,"141":0,"142":0,"143":0,"144":0,"145":0,"146":0,"147":0,"148":0,"149":0,"150":0,"152":0,"153":0,"155":0,"156":0,"157":0,"158":0,"159":0,"160":0,"162":0,"163":0,"164":0,"166":0,"167":0,"168":0,"170":0,"171":0,"172":0,"174":0,"175":0,"176":0,"177":0,"178":0,"179":0,"180":0,"181":0,"182":0,"183":0,"184":0,"186":0,"187":0,"189":0,"190":0,"191":0,"193":0,"194":0,"195":0,"196":0,"198":0,"199":0,"200":0,"201":0,"202":0,"203":0,"204":0,"205":0,"206":0,"208":0,"209":0,"210":0,"211":0,"212":0,"213":0,"215":0,"216":0,"218":0,"219":0,"220":0,"221":0,"223":0,"224":0,"225":0,"226":0,"227":0,"228":0,"229":0,"231":0,"232":0,"233":0,"234":0,"235":0,"236":0,"237":0,"238":0,"239":0,"240":0,"241":0,"242":0,"243":0,"244":0,"245":0,"246":0,"247":0,"248":0,"249":0,"250":0,"251":0,"252":0,"253":0,"254":0,"255":0,"257":0,"258":0,"259":0,"260":0,"262":0,"263":0,"264":0,"265":0,"267":0,"268":0,"270":0,"271":0,"272":0,"274":0,"275":0,"276":0,"277":0,"279":0,"280":0,"282":0,"283":0,"284":0,"285":0,"286":0,"287":0,"289":0,"290":0,"291":0,"292":0,"293":0,"294":0,"295":0,"296":0,"298":0,"300":0,"301":0,"302":0,"303":0,"305":0,"306":0},"branchMap":{"0":{"type":"branch","line":1,"loc":{"start":{"line":1,"column":0},"end":{"line":307,"column":-49}},"locations":[{"start":{"line":1,"column":0},"end":{"line":307,"column":-49}}]}},"b":{"0":[0]},"fnMap":{"0":{"name":"(empty-report)","decl":{"start":{"line":1,"column":0},"end":{"line":307,"column":-49}},"loc":{"start":{"line":1,"column":0},"end":{"line":307,"column":-49}},"line":1}},"f":{"0":0}}
,"/app/src/App.tsx": {"path":"/app/src/App.tsx","all":true,"statementMap":{"0":{"start":{"line":1,"column":0},"end":{"line":1,"column":38}},"1":{"start":{"line":2,"column":0},"end":{"line":2,"column":58}},"3":{"start":{"line":4,"column":0},"end":{"line":4,"column":16}},"4":{"start":{"line":5,"column":0},"end":{"line":5,"column":10}},"5":{"start":{"line":6,"column":0},"end":{"line":6,"column":25}},"6":{"start":{"line":7,"column":0},"end":{"line":7,"column":21}},"7":{"start":{"line":8,"column":0},"end":{"line":8,"column":10}},"9":{"start":{"line":10,"column":0},"end":{"line":10,"column":1}},"11":{"start":{"line":12,"column":0},"end":{"line":12,"column":18}}},"s":{"0":0,"1":0,"3":0,"4":0,"5":0,"6":0,"7":0,"9":0,"11":0},"branchMap":{"0":{"type":"branch","line":1,"loc":{"start":{"line":1,"column":211},"end":{"line":12,"column":18}},"locations":[{"start":{"line":1,"column":211},"end":{"line":12,"column":18}}]}},"b":{"0":[0]},"fnMap":{"0":{"name":"(empty-report)","decl":{"start":{"line":1,"column":211},"end":{"line":12,"column":18}},"loc":{"start":{"line":1,"column":211},"end":{"line":12,"column":18}},"line":1}},"f":{"0":0}}
,"/app/src/main.tsx": {"path":"/app/src/main.tsx","all":true,"statementMap":{"0":{"start":{"line":1,"column":0},"end":{"line":1,"column":34}},"1":{"start":{"line":2,"column":0},"end":{"line":2,"column":45}},"2":{"start":{"line":3,"column":0},"end":{"line":3,"column":40}},"3":{"start":{"line":4,"column":0},"end":{"line":4,"column":27}},"9":{"start":{"line":10,"column":0},"end":{"line":10,"column":32}},"11":{"start":{"line":12,"column":0},"end":{"line":12,"column":29}},"12":{"start":{"line":13,"column":0},"end":{"line":13,"column":11}},"13":{"start":{"line":14,"column":0},"end":{"line":14,"column":3}},"15":{"start":{"line":16,"column":0},"end":{"line":16,"column":53}},"19":{"start":{"line":20,"column":0},"end":{"line":20,"column":23}},"20":{"start":{"line":21,"column":0},"end":{"line":21,"column":33}},"21":{"start":{"line":22,"column":0},"end":{"line":22,"column":5}},"22":{"start":{"line":23,"column":0},"end":{"line":23,"column":1}},"25":{"start":{"line":26,"column":0},"end":{"line":26,"column":28}},"26":{"start":{"line":27,"column":0},"end":{"line":27,"column":54}},"27":{"start":{"line":28,"column":0},"end":{"line":28,"column":16}},"28":{"start":{"line":29,"column":0},"end":{"line":29,"column":13}},"29":{"start":{"line":30,"column":0},"end":{"line":30,"column":18}},"30":{"start":{"line":31,"column":0},"end":{"line":31,"column":4}},"31":{"start":{"line":32,"column":0},"end":{"line":32,"column":3}}},"s":{"0":0,"1":0,"2":0,"3":0,"9":0,"11":0,"12":0,"13":0,"15":0,"19":0,"20":0,"21":0,"22":0,"25":0,"26":0,"27":0,"28":0,"29":0,"30":0,"31":0},"branchMap":{"0":{"type":"branch","line":1,"loc":{"start":{"line":1,"column":622},"end":{"line":32,"column":-326}},"locations":[{"start":{"line":1,"column":622},"end":{"line":32,"column":-326}}]}},"b":{"0":[0]},"fnMap":{"0":{"name":"(empty-report)","decl":{"start":{"line":1,"column":622},"end":{"line":32,"column":-326}},"loc":{"start":{"line":1,"column":622},"end":{"line":32,"column":-326}},"line":1}},"f":{"0":0}}
,"/app/src/infrastructure/services/api.ts": {"path":"/app/src/infrastructure/services/api.ts","all":false,"statementMap":{"7":{"start":{"line":8,"column":0},"end":{"line":8,"column":48}},"20":{"start":{"line":21,"column":0},"end":{"line":21,"column":36}},"21":{"start":{"line":22,"column":0},"end":{"line":22,"column":12}},"22":{"start":{"line":23,"column":0},"end":{"line":23,"column":75}},"23":{"start":{"line":24,"column":0},"end":{"line":24,"column":34}},"24":{"start":{"line":25,"column":0},"end":{"line":25,"column":36}},"27":{"start":{"line":28,"column":0},"end":{"line":28,"column":7}},"28":{"start":{"line":29,"column":0},"end":{"line":29,"column":37}},"29":{"start":{"line":30,"column":0},"end":{"line":30,"column":60}},"30":{"start":{"line":31,"column":0},"end":{"line":31,"column":21}},"31":{"start":{"line":32,"column":0},"end":{"line":32,"column":21}},"32":{"start":{"line":33,"column":0},"end":{"line":33,"column":16}},"33":{"start":{"line":34,"column":0},"end":{"line":34,"column":55}},"34":{"start":{"line":35,"column":0},"end":{"line":35,"column":8}},"35":{"start":{"line":36,"column":0},"end":{"line":36,"column":7}},"37":{"start":{"line":38,"column":0},"end":{"line":38,"column":22}},"38":{"start":{"line":39,"column":0},"end":{"line":39,"column":41}},"39":{"start":{"line":40,"column":0},"end":{"line":40,"column":14}},"40":{"start":{"line":41,"column":0},"end":{"line":41,"column":22}},"41":{"start":{"line":42,"column":0},"end":{"line":42,"column":66}},"42":{"start":{"line":43,"column":0},"end":{"line":43,"column":36}},"43":{"start":{"line":44,"column":0},"end":{"line":44,"column":8}},"44":{"start":{"line":45,"column":0},"end":{"line":45,"column":12}},"45":{"start":{"line":46,"column":0},"end":{"line":46,"column":47}},"46":{"start":{"line":47,"column":0},"end":{"line":47,"column":11}},"47":{"start":{"line":48,"column":0},"end":{"line":48,"column":48}},"48":{"start":{"line":49,"column":0},"end":{"line":49,"column":30}},"49":{"start":{"line":50,"column":0},"end":{"line":50,"column":41}},"50":{"start":{"line":51,"column":0},"end":{"line":51,"column":16}},"51":{"start":{"line":52,"column":0},"end":{"line":52,"column":72}},"52":{"start":{"line":53,"column":0},"end":{"line":53,"column":98}},"53":{"start":{"line":54,"column":0},"end":{"line":54,"column":88}},"54":{"start":{"line":55,"column":0},"end":{"line":55,"column":80}},"55":{"start":{"line":56,"column":0},"end":{"line":56,"column":89}},"56":{"start":{"line":57,"column":0},"end":{"line":57,"column":9}},"57":{"start":{"line":58,"column":0},"end":{"line":58,"column":19}},"58":{"start":{"line":59,"column":0},"end":{"line":59,"column":70}},"59":{"start":{"line":60,"column":0},"end":{"line":60,"column":96}},"60":{"start":{"line":61,"column":0},"end":{"line":61,"column":86}},"61":{"start":{"line":62,"column":0},"end":{"line":62,"column":78}},"62":{"start":{"line":63,"column":0},"end":{"line":63,"column":87}},"63":{"start":{"line":64,"column":0},"end":{"line":64,"column":7}},"64":{"start":{"line":65,"column":0},"end":{"line":65,"column":36}},"65":{"start":{"line":66,"column":0},"end":{"line":66,"column":5}},"66":{"start":{"line":67,"column":0},"end":{"line":67,"column":19}},"67":{"start":{"line":68,"column":0},"end":{"line":68,"column":37}},"68":{"start":{"line":69,"column":0},"end":{"line":69,"column":62}},"69":{"start":{"line":70,"column":0},"end":{"line":70,"column":5}},"70":{"start":{"line":71,"column":0},"end":{"line":71,"column":33}},"71":{"start":{"line":72,"column":0},"end":{"line":72,"column":18}},"72":{"start":{"line":73,"column":0},"end":{"line":73,"column":5}},"73":{"start":{"line":74,"column":0},"end":{"line":74,"column":46}},"74":{"start":{"line":75,"column":0},"end":{"line":75,"column":3}},"75":{"start":{"line":76,"column":0},"end":{"line":76,"column":2}},"82":{"start":{"line":83,"column":0},"end":{"line":83,"column":40}},"83":{"start":{"line":84,"column":0},"end":{"line":84,"column":20}},"84":{"start":{"line":85,"column":0},"end":{"line":85,"column":41}},"85":{"start":{"line":86,"column":0},"end":{"line":86,"column":70}},"86":{"start":{"line":87,"column":0},"end":{"line":87,"column":21}},"87":{"start":{"line":88,"column":0},"end":{"line":88,"column":55}},"88":{"start":{"line":89,"column":0},"end":{"line":89,"column":3}},"89":{"start":{"line":90,"column":0},"end":{"line":90,"column":25}},"90":{"start":{"line":91,"column":0},"end":{"line":91,"column":1}},"97":{"start":{"line":98,"column":0},"end":{"line":98,"column":42}},"98":{"start":{"line":99,"column":0},"end":{"line":99,"column":23}},"99":{"start":{"line":100,"column":0},"end":{"line":100,"column":43}},"100":{"start":{"line":101,"column":0},"end":{"line":101,"column":39}},"101":{"start":{"line":102,"column":0},"end":{"line":102,"column":43}},"102":{"start":{"line":103,"column":0},"end":{"line":103,"column":79}},"103":{"start":{"line":104,"column":0},"end":{"line":104,"column":21}},"104":{"start":{"line":105,"column":0},"end":{"line":105,"column":57}},"105":{"start":{"line":106,"column":0},"end":{"line":106,"column":3}},"106":{"start":{"line":107,"column":0},"end":{"line":107,"column":25}},"107":{"start":{"line":108,"column":0},"end":{"line":108,"column":2}},"115":{"start":{"line":116,"column":0},"end":{"line":116,"column":42}},"116":{"start":{"line":117,"column":0},"end":{"line":117,"column":19}},"117":{"start":{"line":118,"column":0},"end":{"line":118,"column":20}},"118":{"start":{"line":119,"column":0},"end":{"line":119,"column":43}},"119":{"start":{"line":120,"column":0},"end":{"line":120,"column":85}},"120":{"start":{"line":121,"column":0},"end":{"line":121,"column":21}},"121":{"start":{"line":122,"column":0},"end":{"line":122,"column":57}},"122":{"start":{"line":123,"column":0},"end":{"line":123,"column":3}},"123":{"start":{"line":124,"column":0},"end":{"line":124,"column":64}},"124":{"start":{"line":125,"column":0},"end":{"line":125,"column":2}},"131":{"start":{"line":132,"column":0},"end":{"line":132,"column":48}},"132":{"start":{"line":133,"column":0},"end":{"line":133,"column":28}},"133":{"start":{"line":134,"column":0},"end":{"line":134,"column":36}},"134":{"start":{"line":135,"column":0},"end":{"line":135,"column":35}},"135":{"start":{"line":136,"column":0},"end":{"line":136,"column":75}},"136":{"start":{"line":137,"column":0},"end":{"line":137,"column":19}},"137":{"start":{"line":138,"column":0},"end":{"line":138,"column":14}},"138":{"start":{"line":139,"column":0},"end":{"line":139,"column":41}},"139":{"start":{"line":140,"column":0},"end":{"line":140,"column":53}},"140":{"start":{"line":141,"column":0},"end":{"line":141,"column":6}},"141":{"start":{"line":142,"column":0},"end":{"line":142,"column":56}},"142":{"start":{"line":143,"column":0},"end":{"line":143,"column":5}},"143":{"start":{"line":144,"column":0},"end":{"line":144,"column":21}},"144":{"start":{"line":145,"column":0},"end":{"line":145,"column":43}},"145":{"start":{"line":146,"column":0},"end":{"line":146,"column":9}},"146":{"start":{"line":147,"column":0},"end":{"line":147,"column":46}},"147":{"start":{"line":148,"column":0},"end":{"line":148,"column":62}},"148":{"start":{"line":149,"column":0},"end":{"line":149,"column":14}},"149":{"start":{"line":150,"column":0},"end":{"line":150,"column":34}},"150":{"start":{"line":151,"column":0},"end":{"line":151,"column":3}},"151":{"start":{"line":152,"column":0},"end":{"line":152,"column":25}},"152":{"start":{"line":153,"column":0},"end":{"line":153,"column":2}}},"s":{"7":1,"20":1,"21":4,"22":4,"23":4,"24":4,"27":4,"28":4,"29":4,"30":4,"31":4,"32":4,"33":4,"34":4,"35":4,"37":4,"38":1,"39":1,"40":1,"41":1,"42":1,"43":1,"44":4,"45":2,"46":2,"47":2,"48":1,"49":1,"50":2,"51":0,"52":0,"53":0,"54":0,"55":0,"56":0,"57":2,"58":1,"59":1,"60":1,"61":1,"62":1,"63":1,"64":2,"65":2,"66":4,"67":3,"68":1,"69":1,"70":2,"71":2,"72":2,"73":0,"74":0,"75":4,"82":1,"83":0,"84":0,"85":0,"86":0,"87":0,"88":0,"89":0,"90":0,"97":1,"98":0,"99":0,"100":0,"101":0,"102":0,"103":0,"104":0,"105":0,"106":0,"107":0,"115":1,"116":0,"117":0,"118":0,"119":0,"120":0,"121":0,"122":0,"123":0,"124":0,"131":1,"132":0,"133":0,"134":0,"135":0,"136":0,"137":0,"138":0,"139":0,"140":0,"141":0,"142":0,"143":0,"144":0,"145":0,"146":0,"147":0,"148":0,"149":0,"150":0,"151":0,"152":0},"branchMap":{"0":{"type":"branch","line":21,"loc":{"start":{"line":21,"column":29},"end":{"line":76,"column":2}},"locations":[{"start":{"line":21,"column":29},"end":{"line":76,"column":2}}]},"1":{"type":"branch","line":34,"loc":{"start":{"line":34,"column":12},"end":{"line":34,"column":55}},"locations":[{"start":{"line":34,"column":12},"end":{"line":34,"column":55}}]},"2":{"type":"branch","line":36,"loc":{"start":{"line":36,"column":5},"end":{"line":38,"column":21}},"locations":[{"start":{"line":36,"column":5},"end":{"line":38,"column":21}}]},"3":{"type":"branch","line":38,"loc":{"start":{"line":38,"column":21},"end":{"line":45,"column":11}},"locations":[{"start":{"line":38,"column":21},"end":{"line":45,"column":11}}]},"4":{"type":"branch","line":42,"loc":{"start":{"line":42,"column":22},"end":{"line":42,"column":66}},"locations":[{"start":{"line":42,"column":22},"end":{"line":42,"column":66}}]},"5":{"type":"branch","line":45,"loc":{"start":{"line":45,"column":4},"end":{"line":66,"column":5}},"locations":[{"start":{"line":45,"column":4},"end":{"line":66,"column":5}}]},"6":{"type":"branch","line":48,"loc":{"start":{"line":48,"column":46},"end":{"line":51,"column":15}},"locations":[{"start":{"line":48,"column":46},"end":{"line":51,"column":15}}]},"7":{"type":"branch","line":51,"loc":{"start":{"line":51,"column":8},"end":{"line":57,"column":9}},"locations":[{"start":{"line":51,"column":8},"end":{"line":57,"column":9}}]},"8":{"type":"branch","line":58,"loc":{"start":{"line":58,"column":6},"end":{"line":64,"column":7}},"locations":[{"start":{"line":58,"column":6},"end":{"line":64,"column":7}}]},"9":{"type":"branch","line":59,"loc":{"start":{"line":59,"column":37},"end":{"line":59,"column":70}},"locations":[{"start":{"line":59,"column":37},"end":{"line":59,"column":70}}]},"10":{"type":"branch","line":60,"loc":{"start":{"line":60,"column":42},"end":{"line":60,"column":96}},"locations":[{"start":{"line":60,"column":42},"end":{"line":60,"column":96}}]},"11":{"type":"branch","line":61,"loc":{"start":{"line":61,"column":42},"end":{"line":61,"column":86}},"locations":[{"start":{"line":61,"column":42},"end":{"line":61,"column":86}}]},"12":{"type":"branch","line":62,"loc":{"start":{"line":62,"column":42},"end":{"line":62,"column":78}},"locations":[{"start":{"line":62,"column":42},"end":{"line":62,"column":78}}]},"13":{"type":"branch","line":67,"loc":{"start":{"line":67,"column":2},"end":{"line":75,"column":3}},"locations":[{"start":{"line":67,"column":2},"end":{"line":75,"column":3}}]},"14":{"type":"branch","line":68,"loc":{"start":{"line":68,"column":36},"end":{"line":70,"column":5}},"locations":[{"start":{"line":68,"column":36},"end":{"line":70,"column":5}}]},"15":{"type":"branch","line":70,"loc":{"start":{"line":70,"column":4},"end":{"line":73,"column":5}},"locations":[{"start":{"line":70,"column":4},"end":{"line":73,"column":5}}]},"16":{"type":"branch","line":73,"loc":{"start":{"line":73,"column":4},"end":{"line":75,"column":3}},"locations":[{"start":{"line":73,"column":4},"end":{"line":75,"column":3}}]}},"b":{"0":[4],"1":[0],"2":[3],"3":[1],"4":[0],"5":[2],"6":[1],"7":[0],"8":[1],"9":[0],"10":[0],"11":[0],"12":[0],"13":[3],"14":[1],"15":[2],"16":[0]},"fnMap":{"0":{"name":"uploadPDFFile","decl":{"start":{"line":21,"column":29},"end":{"line":76,"column":2}},"loc":{"start":{"line":21,"column":29},"end":{"line":76,"column":2}},"line":21},"1":{"name":"getDocumentStatus","decl":{"start":{"line":83,"column":33},"end":{"line":91,"column":1}},"loc":{"start":{"line":83,"column":33},"end":{"line":91,"column":1}},"line":83},"2":{"name":"getDocumentStatuses","decl":{"start":{"line":98,"column":35},"end":{"line":108,"column":2}},"loc":{"start":{"line":98,"column":35},"end":{"line":108,"column":2}},"line":98},"3":{"name":"getLibraryDocuments","decl":{"start":{"line":116,"column":35},"end":{"line":125,"column":2}},"loc":{"start":{"line":116,"column":35},"end":{"line":125,"column":2}},"line":116},"4":{"name":"askSingleDocumentQuestion","decl":{"start":{"line":132,"column":41},"end":{"line":153,"column":2}},"loc":{"start":{"line":132,"column":41},"end":{"line":153,"column":2}},"line":132}},"f":{"0":4,"1":0,"2":0,"3":0,"4":0}}
,"/app/src/mocks/browser.ts": {"path":"/app/src/mocks/browser.ts","all":true,"statementMap":{"0":{"start":{"line":1,"column":0},"end":{"line":1,"column":42}},"1":{"start":{"line":2,"column":0},"end":{"line":2,"column":38}},"6":{"start":{"line":7,"column":0},"end":{"line":7,"column":47}}},"s":{"0":0,"1":0,"6":0},"branchMap":{"0":{"type":"branch","line":1,"loc":{"start":{"line":1,"column":179},"end":{"line":7,"column":47}},"locations":[{"start":{"line":1,"column":179},"end":{"line":7,"column":47}}]}},"b":{"0":[0]},"fnMap":{"0":{"name":"(empty-report)","decl":{"start":{"line":1,"column":179},"end":{"line":7,"column":47}},"loc":{"start":{"line":1,"column":179},"end":{"line":7,"column":47}},"line":1}},"f":{"0":0}}
,"/app/src/mocks/handlers.ts": {"path":"/app/src/mocks/handlers.ts","all":false,"statementMap":{"0":{"start":{"line":1,"column":0},"end":{"line":1,"column":41}},"9":{"start":{"line":10,"column":0},"end":{"line":10,"column":106}},"11":{"start":{"line":12,"column":0},"end":{"line":12,"column":74}},"13":{"start":{"line":14,"column":0},"end":{"line":14,"column":25}},"15":{"start":{"line":16,"column":0},"end":{"line":16,"column":62}},"17":{"start":{"line":18,"column":0},"end":{"line":18,"column":46}},"18":{"start":{"line":19,"column":0},"end":{"line":19,"column":42}},"19":{"start":{"line":20,"column":0},"end":{"line":20,"column":31}},"20":{"start":{"line":21,"column":0},"end":{"line":21,"column":80}},"21":{"start":{"line":22,"column":0},"end":{"line":22,"column":5}},"23":{"start":{"line":24,"column":0},"end":{"line":24,"column":68}},"24":{"start":{"line":25,"column":0},"end":{"line":25,"column":80}},"25":{"start":{"line":26,"column":0},"end":{"line":26,"column":29}},"26":{"start":{"line":27,"column":0},"end":{"line":27,"column":7}},"27":{"start":{"line":28,"column":0},"end":{"line":28,"column":22}},"28":{"start":{"line":29,"column":0},"end":{"line":29,"column":55}},"29":{"start":{"line":30,"column":0},"end":{"line":30,"column":29}},"30":{"start":{"line":31,"column":0},"end":{"line":31,"column":8}},"31":{"start":{"line":32,"column":0},"end":{"line":32,"column":21}},"32":{"start":{"line":33,"column":0},"end":{"line":33,"column":6}},"33":{"start":{"line":34,"column":0},"end":{"line":34,"column":5}},"36":{"start":{"line":37,"column":0},"end":{"line":37,"column":55}},"37":{"start":{"line":38,"column":0},"end":{"line":38,"column":37}},"38":{"start":{"line":39,"column":0},"end":{"line":39,"column":67}},"39":{"start":{"line":40,"column":0},"end":{"line":40,"column":70}},"40":{"start":{"line":41,"column":0},"end":{"line":41,"column":38}},"42":{"start":{"line":43,"column":0},"end":{"line":43,"column":64}},"43":{"start":{"line":44,"column":0},"end":{"line":44,"column":31}},"45":{"start":{"line":46,"column":0},"end":{"line":46,"column":34}},"46":{"start":{"line":47,"column":0},"end":{"line":47,"column":85}},"47":{"start":{"line":48,"column":0},"end":{"line":48,"column":32}},"48":{"start":{"line":49,"column":0},"end":{"line":49,"column":17}},"49":{"start":{"line":50,"column":0},"end":{"line":50,"column":83}},"50":{"start":{"line":51,"column":0},"end":{"line":51,"column":76}},"51":{"start":{"line":52,"column":0},"end":{"line":52,"column":10}},"52":{"start":{"line":53,"column":0},"end":{"line":53,"column":7}},"53":{"start":{"line":54,"column":0},"end":{"line":54,"column":14}},"54":{"start":{"line":55,"column":0},"end":{"line":55,"column":11}},"55":{"start":{"line":56,"column":0},"end":{"line":56,"column":37}},"56":{"start":{"line":57,"column":0},"end":{"line":57,"column":49}},"57":{"start":{"line":58,"column":0},"end":{"line":58,"column":84}},"58":{"start":{"line":59,"column":0},"end":{"line":59,"column":87}},"59":{"start":{"line":60,"column":0},"end":{"line":60,"column":32}},"60":{"start":{"line":61,"column":0},"end":{"line":61,"column":8}},"61":{"start":{"line":62,"column":0},"end":{"line":62,"column":7}},"63":{"start":{"line":64,"column":0},"end":{"line":64,"column":75}},"65":{"start":{"line":66,"column":0},"end":{"line":66,"column":30}},"66":{"start":{"line":67,"column":0},"end":{"line":67,"column":36}},"67":{"start":{"line":68,"column":0},"end":{"line":68,"column":39}},"68":{"start":{"line":69,"column":0},"end":{"line":69,"column":24}},"69":{"start":{"line":70,"column":0},"end":{"line":70,"column":22}},"70":{"start":{"line":71,"column":0},"end":{"line":71,"column":58}},"71":{"start":{"line":72,"column":0},"end":{"line":72,"column":7}},"72":{"start":{"line":73,"column":0},"end":{"line":73,"column":5}},"75":{"start":{"line":76,"column":0},"end":{"line":76,"column":65}},"76":{"start":{"line":77,"column":0},"end":{"line":77,"column":34}},"77":{"start":{"line":78,"column":0},"end":{"line":78,"column":74}},"78":{"start":{"line":79,"column":0},"end":{"line":79,"column":53}},"79":{"start":{"line":80,"column":0},"end":{"line":80,"column":5}},"80":{"start":{"line":81,"column":0},"end":{"line":81,"column":49}},"82":{"start":{"line":83,"column":0},"end":{"line":83,"column":42}},"83":{"start":{"line":84,"column":0},"end":{"line":84,"column":24}},"84":{"start":{"line":85,"column":0},"end":{"line":85,"column":70}},"85":{"start":{"line":86,"column":0},"end":{"line":86,"column":30}},"87":{"start":{"line":88,"column":0},"end":{"line":88,"column":65}},"88":{"start":{"line":89,"column":0},"end":{"line":89,"column":31}},"89":{"start":{"line":90,"column":0},"end":{"line":90,"column":7}},"90":{"start":{"line":91,"column":0},"end":{"line":91,"column":5}},"91":{"start":{"line":92,"column":0},"end":{"line":92,"column":101}},"92":{"start":{"line":93,"column":0},"end":{"line":93,"column":5}},"96":{"start":{"line":97,"column":0},"end":{"line":97,"column":72}},"97":{"start":{"line":98,"column":0},"end":{"line":98,"column":37}},"98":{"start":{"line":99,"column":0},"end":{"line":99,"column":54}},"99":{"start":{"line":100,"column":0},"end":{"line":100,"column":25}},"100":{"start":{"line":101,"column":0},"end":{"line":101,"column":52}},"101":{"start":{"line":102,"column":0},"end":{"line":102,"column":5}},"102":{"start":{"line":103,"column":0},"end":{"line":103,"column":50}},"103":{"start":{"line":104,"column":0},"end":{"line":104,"column":45}},"104":{"start":{"line":105,"column":0},"end":{"line":105,"column":39}},"105":{"start":{"line":106,"column":0},"end":{"line":106,"column":33}},"106":{"start":{"line":107,"column":0},"end":{"line":107,"column":14}},"107":{"start":{"line":108,"column":0},"end":{"line":108,"column":11}},"108":{"start":{"line":109,"column":0},"end":{"line":109,"column":27}},"109":{"start":{"line":110,"column":0},"end":{"line":110,"column":31}},"110":{"start":{"line":111,"column":0},"end":{"line":111,"column":53}},"111":{"start":{"line":112,"column":0},"end":{"line":112,"column":30}},"112":{"start":{"line":113,"column":0},"end":{"line":113,"column":46}},"113":{"start":{"line":114,"column":0},"end":{"line":114,"column":8}},"114":{"start":{"line":115,"column":0},"end":{"line":115,"column":23}},"115":{"start":{"line":116,"column":0},"end":{"line":116,"column":56}},"116":{"start":{"line":117,"column":0},"end":{"line":117,"column":5}},"118":{"start":{"line":119,"column":0},"end":{"line":119,"column":2}},"121":{"start":{"line":122,"column":0},"end":{"line":122,"column":19}},"122":{"start":{"line":123,"column":0},"end":{"line":123,"column":39}},"123":{"start":{"line":124,"column":0},"end":{"line":124,"column":43}},"124":{"start":{"line":125,"column":0},"end":{"line":125,"column":52}},"125":{"start":{"line":126,"column":0},"end":{"line":126,"column":31}},"126":{"start":{"line":127,"column":0},"end":{"line":127,"column":27}},"127":{"start":{"line":128,"column":0},"end":{"line":128,"column":5}},"128":{"start":{"line":129,"column":0},"end":{"line":129,"column":3}},"129":{"start":{"line":130,"column":0},"end":{"line":130,"column":9}},"132":{"start":{"line":133,"column":0},"end":{"line":133,"column":32}},"133":{"start":{"line":134,"column":0},"end":{"line":134,"column":76}},"134":{"start":{"line":135,"column":0},"end":{"line":135,"column":1}},"135":{"start":{"line":136,"column":0},"end":{"line":136,"column":32}},"136":{"start":{"line":137,"column":0},"end":{"line":137,"column":73}},"137":{"start":{"line":138,"column":0},"end":{"line":138,"column":1}},"138":{"start":{"line":139,"column":0},"end":{"line":139,"column":32}},"139":{"start":{"line":140,"column":0},"end":{"line":140,"column":71}},"140":{"start":{"line":141,"column":0},"end":{"line":141,"column":1}}},"s":{"0":1,"9":1,"11":1,"13":1,"15":1,"17":0,"18":0,"19":0,"20":0,"21":0,"23":0,"24":0,"25":0,"26":0,"27":0,"28":0,"29":0,"30":0,"31":0,"32":0,"33":1,"36":1,"37":0,"38":0,"39":0,"40":0,"42":0,"43":0,"45":0,"46":0,"47":0,"48":0,"49":0,"50":0,"51":0,"52":0,"53":0,"54":0,"55":0,"56":0,"57":0,"58":0,"59":0,"60":0,"61":0,"63":0,"65":0,"66":0,"67":0,"68":0,"69":0,"70":0,"71":0,"72":1,"75":1,"76":0,"77":0,"78":0,"79":0,"80":0,"82":0,"83":0,"84":0,"85":0,"87":0,"88":0,"89":0,"90":0,"91":0,"92":1,"96":1,"97":1,"98":1,"99":1,"100":0,"101":0,"102":1,"103":1,"104":3,"105":3,"106":2,"107":2,"108":2,"109":2,"110":2,"111":2,"112":2,"113":2,"114":1,"115":1,"116":1,"118":1,"121":1,"122":25,"123":25,"124":25,"125":25,"126":0,"127":0,"128":25,"129":1,"132":1,"133":1,"134":1,"135":1,"136":1,"137":1,"138":1,"139":1,"140":1},"branchMap":{"0":{"type":"branch","line":97,"loc":{"start":{"line":97,"column":54},"end":{"line":117,"column":3}},"locations":[{"start":{"line":97,"column":54},"end":{"line":117,"column":3}}]},"1":{"type":"branch","line":100,"loc":{"start":{"line":100,"column":24},"end":{"line":102,"column":5}},"locations":[{"start":{"line":100,"column":24},"end":{"line":102,"column":5}}]},"2":{"type":"branch","line":104,"loc":{"start":{"line":104,"column":38},"end":{"line":115,"column":5}},"locations":[{"start":{"line":104,"column":38},"end":{"line":115,"column":5}}]},"3":{"type":"branch","line":106,"loc":{"start":{"line":106,"column":16},"end":{"line":106,"column":33}},"locations":[{"start":{"line":106,"column":16},"end":{"line":106,"column":33}}]},"4":{"type":"branch","line":106,"loc":{"start":{"line":106,"column":23},"end":{"line":114,"column":8}},"locations":[{"start":{"line":106,"column":23},"end":{"line":114,"column":8}}]},"5":{"type":"branch","line":122,"loc":{"start":{"line":122,"column":12},"end":{"line":130,"column":3}},"locations":[{"start":{"line":122,"column":12},"end":{"line":130,"column":3}}]},"6":{"type":"branch","line":126,"loc":{"start":{"line":126,"column":30},"end":{"line":128,"column":5}},"locations":[{"start":{"line":126,"column":30},"end":{"line":128,"column":5}}]}},"b":{"0":[1],"1":[0],"2":[3],"3":[1],"4":[2],"5":[25],"6":[0]},"fnMap":{},"f":{}}
,"/app/src/mocks/server.ts": {"path":"/app/src/mocks/server.ts","all":false,"statementMap":{"1":{"start":{"line":2,"column":0},"end":{"line":2,"column":39}},"2":{"start":{"line":3,"column":0},"end":{"line":3,"column":38}},"4":{"start":{"line":5,"column":0},"end":{"line":5,"column":47}}},"s":{"1":1,"2":1,"4":1},"branchMap":{},"b":{},"fnMap":{},"f":{}}
,"/app/src/presentation/components/features/AnswerDisplay.tsx": {"path":"/app/src/presentation/components/features/AnswerDisplay.tsx","all":false,"statementMap":{"8":{"start":{"line":9,"column":0},"end":{"line":9,"column":63}},"9":{"start":{"line":10,"column":0},"end":{"line":10,"column":10}},"10":{"start":{"line":11,"column":0},"end":{"line":11,"column":41}},"11":{"start":{"line":12,"column":0},"end":{"line":12,"column":47}},"12":{"start":{"line":13,"column":0},"end":{"line":13,"column":41}},"13":{"start":{"line":14,"column":0},"end":{"line":14,"column":39}},"14":{"start":{"line":15,"column":0},"end":{"line":15,"column":38}},"15":{"start":{"line":16,"column":0},"end":{"line":16,"column":26}},"16":{"start":{"line":17,"column":0},"end":{"line":17,"column":34}},"17":{"start":{"line":18,"column":0},"end":{"line":18,"column":58}},"18":{"start":{"line":19,"column":0},"end":{"line":19,"column":49}},"19":{"start":{"line":20,"column":0},"end":{"line":20,"column":60}},"20":{"start":{"line":21,"column":0},"end":{"line":21,"column":17}},"21":{"start":{"line":22,"column":0},"end":{"line":22,"column":13}},"22":{"start":{"line":23,"column":0},"end":{"line":23,"column":13}},"24":{"start":{"line":25,"column":0},"end":{"line":25,"column":10}},"26":{"start":{"line":27,"column":0},"end":{"line":27,"column":2}},"28":{"start":{"line":29,"column":0},"end":{"line":29,"column":29}}},"s":{"8":1,"9":6,"10":6,"11":6,"12":6,"13":4,"14":4,"15":5,"16":5,"17":5,"18":5,"19":5,"20":5,"21":4,"22":4,"24":6,"26":6,"28":1},"branchMap":{"0":{"type":"branch","line":9,"loc":{"start":{"line":9,"column":39},"end":{"line":27,"column":2}},"locations":[{"start":{"line":9,"column":39},"end":{"line":27,"column":2}}]},"1":{"type":"branch","line":13,"loc":{"start":{"line":13,"column":7},"end":{"line":13,"column":41}},"locations":[{"start":{"line":13,"column":7},"end":{"line":13,"column":41}}]},"2":{"type":"branch","line":13,"loc":{"start":{"line":13,"column":35},"end":{"line":23,"column":13}},"locations":[{"start":{"line":13,"column":35},"end":{"line":23,"column":13}}]},"3":{"type":"branch","line":15,"loc":{"start":{"line":15,"column":23},"end":{"line":21,"column":17}},"locations":[{"start":{"line":15,"column":23},"end":{"line":21,"column":17}}]},"4":{"type":"branch","line":18,"loc":{"start":{"line":18,"column":19},"end":{"line":18,"column":58}},"locations":[{"start":{"line":18,"column":19},"end":{"line":18,"column":58}}]},"5":{"type":"branch","line":19,"loc":{"start":{"line":19,"column":19},"end":{"line":19,"column":49}},"locations":[{"start":{"line":19,"column":19},"end":{"line":19,"column":49}}]},"6":{"type":"branch","line":20,"loc":{"start":{"line":20,"column":19},"end":{"line":20,"column":60}},"locations":[{"start":{"line":20,"column":19},"end":{"line":20,"column":60}}]}},"b":{"0":[6],"1":[5],"2":[4],"3":[5],"4":[4],"5":[2],"6":[2]},"fnMap":{"0":{"name":"AnswerDisplay","decl":{"start":{"line":9,"column":39},"end":{"line":27,"column":2}},"loc":{"start":{"line":9,"column":39},"end":{"line":27,"column":2}},"line":9}},"f":{"0":6}}
,"/app/src/presentation/components/features/ChatPanel.tsx": {"path":"/app/src/presentation/components/features/ChatPanel.tsx","all":false,"statementMap":{"1":{"start":{"line":2,"column":0},"end":{"line":2,"column":46}},"2":{"start":{"line":3,"column":0},"end":{"line":3,"column":40}},"3":{"start":{"line":4,"column":0},"end":{"line":4,"column":44}},"9":{"start":{"line":10,"column":0},"end":{"line":10,"column":65}},"10":{"start":{"line":11,"column":0},"end":{"line":11,"column":77}},"12":{"start":{"line":13,"column":0},"end":{"line":13,"column":10}},"13":{"start":{"line":14,"column":0},"end":{"line":14,"column":186}},"14":{"start":{"line":15,"column":0},"end":{"line":15,"column":67}},"15":{"start":{"line":16,"column":0},"end":{"line":16,"column":62}},"16":{"start":{"line":17,"column":0},"end":{"line":17,"column":43}},"17":{"start":{"line":18,"column":0},"end":{"line":18,"column":12}},"18":{"start":{"line":19,"column":0},"end":{"line":19,"column":100}},"19":{"start":{"line":20,"column":0},"end":{"line":20,"column":94}},"20":{"start":{"line":21,"column":0},"end":{"line":21,"column":70}},"21":{"start":{"line":22,"column":0},"end":{"line":22,"column":10}},"23":{"start":{"line":24,"column":0},"end":{"line":24,"column":2}},"25":{"start":{"line":26,"column":0},"end":{"line":26,"column":25}}},"s":{"1":1,"2":1,"3":1,"9":1,"10":1,"12":1,"13":1,"14":1,"15":1,"16":1,"17":1,"18":1,"19":1,"20":1,"21":1,"23":1,"25":1},"branchMap":{"0":{"type":"branch","line":10,"loc":{"start":{"line":10,"column":44},"end":{"line":24,"column":2}},"locations":[{"start":{"line":10,"column":44},"end":{"line":24,"column":2}}]},"1":{"type":"branch","line":19,"loc":{"start":{"line":19,"column":7},"end":{"line":19,"column":100}},"locations":[{"start":{"line":19,"column":7},"end":{"line":19,"column":100}}]},"2":{"type":"branch","line":20,"loc":{"start":{"line":20,"column":7},"end":{"line":20,"column":94}},"locations":[{"start":{"line":20,"column":7},"end":{"line":20,"column":94}}]}},"b":{"0":[1],"1":[0],"2":[0]},"fnMap":{"0":{"name":"ChatPanel","decl":{"start":{"line":10,"column":44},"end":{"line":24,"column":2}},"loc":{"start":{"line":10,"column":44},"end":{"line":24,"column":2}},"line":10}},"f":{"0":1}}
,"/app/src/presentation/components/features/MessageList.tsx": {"path":"/app/src/presentation/components/features/MessageList.tsx","all":false,"statementMap":{"0":{"start":{"line":1,"column":0},"end":{"line":1,"column":49}},"2":{"start":{"line":3,"column":0},"end":{"line":3,"column":44}},"8":{"start":{"line":9,"column":0},"end":{"line":9,"column":56}},"9":{"start":{"line":10,"column":0},"end":{"line":10,"column":56}},"11":{"start":{"line":12,"column":0},"end":{"line":12,"column":19}},"12":{"start":{"line":13,"column":0},"end":{"line":13,"column":62}},"13":{"start":{"line":14,"column":0},"end":{"line":14,"column":17}},"15":{"start":{"line":16,"column":0},"end":{"line":16,"column":10}},"16":{"start":{"line":17,"column":0},"end":{"line":17,"column":85}},"17":{"start":{"line":18,"column":0},"end":{"line":18,"column":30}},"18":{"start":{"line":19,"column":0},"end":{"line":19,"column":78}},"19":{"start":{"line":20,"column":0},"end":{"line":20,"column":38}},"20":{"start":{"line":21,"column":0},"end":{"line":21,"column":59}},"22":{"start":{"line":23,"column":0},"end":{"line":23,"column":67}},"24":{"start":{"line":25,"column":0},"end":{"line":25,"column":14}},"25":{"start":{"line":26,"column":0},"end":{"line":26,"column":9}},"26":{"start":{"line":27,"column":0},"end":{"line":27,"column":29}},"27":{"start":{"line":28,"column":0},"end":{"line":28,"column":10}},"29":{"start":{"line":30,"column":0},"end":{"line":30,"column":2}},"31":{"start":{"line":32,"column":0},"end":{"line":32,"column":27}}},"s":{"0":1,"2":1,"8":1,"9":3,"11":3,"12":3,"13":3,"15":3,"16":3,"17":3,"18":4,"19":4,"20":2,"22":2,"24":4,"25":3,"26":3,"27":3,"29":3,"31":1},"branchMap":{"0":{"type":"branch","line":9,"loc":{"start":{"line":9,"column":37},"end":{"line":30,"column":2}},"locations":[{"start":{"line":9,"column":37},"end":{"line":30,"column":2}}]},"1":{"type":"branch","line":12,"loc":{"start":{"line":12,"column":12},"end":{"line":14,"column":5}},"locations":[{"start":{"line":12,"column":12},"end":{"line":14,"column":5}}]},"2":{"type":"branch","line":18,"loc":{"start":{"line":18,"column":20},"end":{"line":25,"column":14}},"locations":[{"start":{"line":18,"column":20},"end":{"line":25,"column":14}}]},"3":{"type":"branch","line":20,"loc":{"start":{"line":20,"column":24},"end":{"line":21,"column":59}},"locations":[{"start":{"line":20,"column":24},"end":{"line":21,"column":59}}]},"4":{"type":"branch","line":21,"loc":{"start":{"line":21,"column":53},"end":{"line":23,"column":67}},"locations":[{"start":{"line":21,"column":53},"end":{"line":23,"column":67}}]}},"b":{"0":[3],"1":[3],"2":[4],"3":[2],"4":[2]},"fnMap":{"0":{"name":"MessageList","decl":{"start":{"line":9,"column":37},"end":{"line":30,"column":2}},"loc":{"start":{"line":9,"column":37},"end":{"line":30,"column":2}},"line":9}},"f":{"0":3}}
,"/app/src/presentation/components/features/QuestionInput.tsx": {"path":"/app/src/presentation/components/features/QuestionInput.tsx","all":false,"statementMap":{"0":{"start":{"line":1,"column":0},"end":{"line":1,"column":55}},"7":{"start":{"line":8,"column":0},"end":{"line":8,"column":68}},"8":{"start":{"line":9,"column":0},"end":{"line":9,"column":41}},"10":{"start":{"line":11,"column":0},"end":{"line":11,"column":71}},"11":{"start":{"line":12,"column":0},"end":{"line":12,"column":29}},"12":{"start":{"line":13,"column":0},"end":{"line":13,"column":4}},"14":{"start":{"line":15,"column":0},"end":{"line":15,"column":28}},"15":{"start":{"line":16,"column":0},"end":{"line":16,"column":23}},"16":{"start":{"line":17,"column":0},"end":{"line":17,"column":29}},"17":{"start":{"line":18,"column":0},"end":{"line":18,"column":19}},"18":{"start":{"line":19,"column":0},"end":{"line":19,"column":5}},"19":{"start":{"line":20,"column":0},"end":{"line":20,"column":4}},"21":{"start":{"line":22,"column":0},"end":{"line":22,"column":68}},"22":{"start":{"line":23,"column":0},"end":{"line":23,"column":43}},"23":{"start":{"line":24,"column":0},"end":{"line":24,"column":25}},"24":{"start":{"line":25,"column":0},"end":{"line":25,"column":19}},"25":{"start":{"line":26,"column":0},"end":{"line":26,"column":5}},"26":{"start":{"line":27,"column":0},"end":{"line":27,"column":4}},"28":{"start":{"line":29,"column":0},"end":{"line":29,"column":10}},"29":{"start":{"line":30,"column":0},"end":{"line":30,"column":41}},"30":{"start":{"line":31,"column":0},"end":{"line":31,"column":15}},"31":{"start":{"line":32,"column":0},"end":{"line":32,"column":21}},"32":{"start":{"line":33,"column":0},"end":{"line":33,"column":31}},"33":{"start":{"line":34,"column":0},"end":{"line":34,"column":33}},"34":{"start":{"line":35,"column":0},"end":{"line":35,"column":30}},"35":{"start":{"line":36,"column":0},"end":{"line":36,"column":16}},"36":{"start":{"line":37,"column":0},"end":{"line":37,"column":27}},"37":{"start":{"line":38,"column":0},"end":{"line":38,"column":25}},"38":{"start":{"line":39,"column":0},"end":{"line":39,"column":8}},"39":{"start":{"line":40,"column":0},"end":{"line":40,"column":13}},"40":{"start":{"line":41,"column":0},"end":{"line":41,"column":28}},"41":{"start":{"line":42,"column":0},"end":{"line":42,"column":44}},"42":{"start":{"line":43,"column":0},"end":{"line":43,"column":23}},"43":{"start":{"line":44,"column":0},"end":{"line":44,"column":7}},"45":{"start":{"line":46,"column":0},"end":{"line":46,"column":15}},"46":{"start":{"line":47,"column":0},"end":{"line":47,"column":10}},"48":{"start":{"line":49,"column":0},"end":{"line":49,"column":2}},"50":{"start":{"line":51,"column":0},"end":{"line":51,"column":29}}},"s":{"0":1,"7":1,"8":12,"10":12,"11":4,"12":4,"14":12,"15":2,"16":2,"17":2,"18":2,"19":2,"21":12,"22":1,"23":1,"24":1,"25":1,"26":1,"28":12,"29":12,"30":12,"31":12,"32":12,"33":12,"34":12,"35":12,"36":12,"37":12,"38":12,"39":12,"40":12,"41":12,"42":12,"43":12,"45":12,"46":12,"48":12,"50":1},"branchMap":{"0":{"type":"branch","line":8,"loc":{"start":{"line":8,"column":39},"end":{"line":49,"column":2}},"locations":[{"start":{"line":8,"column":39},"end":{"line":49,"column":2}}]},"1":{"type":"branch","line":42,"loc":{"start":{"line":42,"column":18},"end":{"line":42,"column":44}},"locations":[{"start":{"line":42,"column":18},"end":{"line":42,"column":44}}]},"2":{"type":"branch","line":11,"loc":{"start":{"line":11,"column":23},"end":{"line":13,"column":4}},"locations":[{"start":{"line":11,"column":23},"end":{"line":13,"column":4}}]},"3":{"type":"branch","line":15,"loc":{"start":{"line":15,"column":21},"end":{"line":20,"column":4}},"locations":[{"start":{"line":15,"column":21},"end":{"line":20,"column":4}}]},"4":{"type":"branch","line":22,"loc":{"start":{"line":22,"column":24},"end":{"line":27,"column":4}},"locations":[{"start":{"line":22,"column":24},"end":{"line":27,"column":4}}]}},"b":{"0":[12],"1":[11],"2":[4],"3":[2],"4":[1]},"fnMap":{"0":{"name":"QuestionInput","decl":{"start":{"line":8,"column":39},"end":{"line":49,"column":2}},"loc":{"start":{"line":8,"column":39},"end":{"line":49,"column":2}},"line":8},"1":{"name":"handleChange","decl":{"start":{"line":11,"column":23},"end":{"line":13,"column":4}},"loc":{"start":{"line":11,"column":23},"end":{"line":13,"column":4}},"line":11},"2":{"name":"handleSend","decl":{"start":{"line":15,"column":21},"end":{"line":20,"column":4}},"loc":{"start":{"line":15,"column":21},"end":{"line":20,"column":4}},"line":15},"3":{"name":"handleKeyDown","decl":{"start":{"line":22,"column":24},"end":{"line":27,"column":4}},"loc":{"start":{"line":22,"column":24},"end":{"line":27,"column":4}},"line":22}},"f":{"0":12,"1":4,"2":2,"3":1}}
,"/app/src/presentation/components/features/DocumentList/DocumentList.tsx": {"path":"/app/src/presentation/components/features/DocumentList/DocumentList.tsx","all":false,"statementMap":{"1":{"start":{"line":2,"column":0},"end":{"line":2,"column":50}},"3":{"start":{"line":4,"column":0},"end":{"line":4,"column":28}},"11":{"start":{"line":12,"column":0},"end":{"line":12,"column":98}},"12":{"start":{"line":13,"column":0},"end":{"line":13,"column":31}},"13":{"start":{"line":14,"column":0},"end":{"line":14,"column":41}},"14":{"start":{"line":15,"column":0},"end":{"line":15,"column":3}},"16":{"start":{"line":17,"column":0},"end":{"line":17,"column":10}},"17":{"start":{"line":18,"column":0},"end":{"line":18,"column":49}},"18":{"start":{"line":19,"column":0},"end":{"line":19,"column":31}},"19":{"start":{"line":20,"column":0},"end":{"line":20,"column":130}},"20":{"start":{"line":21,"column":0},"end":{"line":21,"column":45}},"21":{"start":{"line":22,"column":0},"end":{"line":22,"column":14}},"22":{"start":{"line":23,"column":0},"end":{"line":23,"column":9}},"23":{"start":{"line":24,"column":0},"end":{"line":24,"column":10}},"25":{"start":{"line":26,"column":0},"end":{"line":26,"column":2}},"27":{"start":{"line":28,"column":0},"end":{"line":28,"column":28}}},"s":{"1":1,"3":1,"11":1,"12":9,"13":1,"14":1,"16":8,"17":8,"18":8,"19":16,"20":16,"21":16,"22":8,"23":8,"25":8,"27":1},"branchMap":{"0":{"type":"branch","line":12,"loc":{"start":{"line":12,"column":50},"end":{"line":26,"column":2}},"locations":[{"start":{"line":12,"column":50},"end":{"line":26,"column":2}}]},"1":{"type":"branch","line":13,"loc":{"start":{"line":13,"column":30},"end":{"line":26,"column":2}},"locations":[{"start":{"line":13,"column":30},"end":{"line":26,"column":2}}]},"2":{"type":"branch","line":13,"loc":{"start":{"line":13,"column":30},"end":{"line":15,"column":3}},"locations":[{"start":{"line":13,"column":30},"end":{"line":15,"column":3}}]},"3":{"type":"branch","line":19,"loc":{"start":{"line":19,"column":21},"end":{"line":22,"column":14}},"locations":[{"start":{"line":19,"column":21},"end":{"line":22,"column":14}}]},"4":{"type":"branch","line":20,"loc":{"start":{"line":20,"column":86},"end":{"line":20,"column":117}},"locations":[{"start":{"line":20,"column":86},"end":{"line":20,"column":117}}]},"5":{"type":"branch","line":20,"loc":{"start":{"line":20,"column":105},"end":{"line":20,"column":127}},"locations":[{"start":{"line":20,"column":105},"end":{"line":20,"column":127}}]}},"b":{"0":[9],"1":[8],"2":[1],"3":[16],"4":[14],"5":[2]},"fnMap":{"0":{"name":"DocumentList","decl":{"start":{"line":12,"column":50},"end":{"line":26,"column":2}},"loc":{"start":{"line":12,"column":50},"end":{"line":26,"column":2}},"line":12},"1":{"name":"onClick","decl":{"start":{"line":20,"column":35},"end":{"line":20,"column":69}},"loc":{"start":{"line":20,"column":35},"end":{"line":20,"column":69}},"line":20}},"f":{"0":9,"1":0}}
,"/app/src/presentation/components/features/DocumentList/DocumentListItem.tsx": {"path":"/app/src/presentation/components/features/DocumentList/DocumentListItem.tsx","all":false,"statementMap":{"2":{"start":{"line":3,"column":0},"end":{"line":3,"column":32}},"12":{"start":{"line":13,"column":0},"end":{"line":13,"column":50}},"13":{"start":{"line":14,"column":0},"end":{"line":14,"column":18}},"14":{"start":{"line":15,"column":0},"end":{"line":15,"column":22}},"15":{"start":{"line":16,"column":0},"end":{"line":16,"column":16}},"16":{"start":{"line":17,"column":0},"end":{"line":17,"column":2}},"18":{"start":{"line":19,"column":0},"end":{"line":19,"column":77}},"19":{"start":{"line":20,"column":0},"end":{"line":20,"column":82}},"21":{"start":{"line":22,"column":0},"end":{"line":22,"column":10}},"22":{"start":{"line":23,"column":0},"end":{"line":23,"column":85}},"23":{"start":{"line":24,"column":0},"end":{"line":24,"column":81}},"24":{"start":{"line":25,"column":0},"end":{"line":25,"column":37}},"25":{"start":{"line":26,"column":0},"end":{"line":26,"column":88}},"26":{"start":{"line":27,"column":0},"end":{"line":27,"column":47}},"27":{"start":{"line":28,"column":0},"end":{"line":28,"column":76}},"29":{"start":{"line":30,"column":0},"end":{"line":30,"column":36}},"30":{"start":{"line":31,"column":0},"end":{"line":31,"column":96}},"31":{"start":{"line":32,"column":0},"end":{"line":32,"column":60}},"32":{"start":{"line":33,"column":0},"end":{"line":33,"column":112}},"33":{"start":{"line":34,"column":0},"end":{"line":34,"column":16}},"34":{"start":{"line":35,"column":0},"end":{"line":35,"column":57}},"35":{"start":{"line":36,"column":0},"end":{"line":36,"column":19}},"36":{"start":{"line":37,"column":0},"end":{"line":37,"column":46}},"37":{"start":{"line":38,"column":0},"end":{"line":38,"column":78}},"38":{"start":{"line":39,"column":0},"end":{"line":39,"column":59}},"39":{"start":{"line":40,"column":0},"end":{"line":40,"column":21}},"40":{"start":{"line":41,"column":0},"end":{"line":41,"column":18}},"41":{"start":{"line":42,"column":0},"end":{"line":42,"column":16}},"42":{"start":{"line":43,"column":0},"end":{"line":43,"column":34}},"43":{"start":{"line":44,"column":0},"end":{"line":44,"column":13}},"44":{"start":{"line":45,"column":0},"end":{"line":45,"column":43}},"45":{"start":{"line":46,"column":0},"end":{"line":46,"column":49}},"46":{"start":{"line":47,"column":0},"end":{"line":47,"column":89}},"48":{"start":{"line":49,"column":0},"end":{"line":49,"column":86}},"49":{"start":{"line":50,"column":0},"end":{"line":50,"column":57}},"50":{"start":{"line":51,"column":0},"end":{"line":51,"column":14}},"52":{"start":{"line":53,"column":0},"end":{"line":53,"column":13}},"53":{"start":{"line":54,"column":0},"end":{"line":54,"column":84}},"54":{"start":{"line":55,"column":0},"end":{"line":55,"column":49}},"56":{"start":{"line":57,"column":0},"end":{"line":57,"column":61}},"57":{"start":{"line":58,"column":0},"end":{"line":58,"column":14}},"59":{"start":{"line":60,"column":0},"end":{"line":60,"column":12}},"60":{"start":{"line":61,"column":0},"end":{"line":61,"column":10}},"62":{"start":{"line":63,"column":0},"end":{"line":63,"column":2}},"64":{"start":{"line":65,"column":0},"end":{"line":65,"column":32}}},"s":{"2":1,"12":1,"13":1,"14":1,"15":1,"16":1,"18":1,"19":23,"21":23,"22":23,"23":23,"24":23,"25":23,"26":23,"27":23,"29":23,"30":12,"31":12,"32":12,"33":12,"34":12,"35":12,"36":12,"37":12,"38":12,"39":12,"40":12,"41":12,"42":11,"43":1,"44":1,"45":1,"46":1,"48":1,"49":1,"50":1,"52":10,"53":10,"54":10,"56":10,"57":10,"59":23,"60":23,"62":23,"64":1},"branchMap":{"0":{"type":"branch","line":19,"loc":{"start":{"line":19,"column":58},"end":{"line":63,"column":2}},"locations":[{"start":{"line":19,"column":58},"end":{"line":63,"column":2}}]},"1":{"type":"branch","line":30,"loc":{"start":{"line":30,"column":20},"end":{"line":42,"column":16}},"locations":[{"start":{"line":30,"column":20},"end":{"line":42,"column":16}}]},"2":{"type":"branch","line":33,"loc":{"start":{"line":33,"column":38},"end":{"line":33,"column":49}},"locations":[{"start":{"line":33,"column":38},"end":{"line":33,"column":49}}]},"3":{"type":"branch","line":33,"loc":{"start":{"line":33,"column":67},"end":{"line":33,"column":107}},"locations":[{"start":{"line":33,"column":67},"end":{"line":33,"column":107}}]},"4":{"type":"branch","line":33,"loc":{"start":{"line":33,"column":101},"end":{"line":33,"column":112}},"locations":[{"start":{"line":33,"column":101},"end":{"line":33,"column":112}}]},"5":{"type":"branch","line":38,"loc":{"start":{"line":38,"column":48},"end":{"line":38,"column":71}},"locations":[{"start":{"line":38,"column":48},"end":{"line":38,"column":71}}]},"6":{"type":"branch","line":38,"loc":{"start":{"line":38,"column":60},"end":{"line":38,"column":72}},"locations":[{"start":{"line":38,"column":60},"end":{"line":38,"column":72}}]},"7":{"type":"branch","line":42,"loc":{"start":{"line":42,"column":10},"end":{"line":58,"column":14}},"locations":[{"start":{"line":42,"column":10},"end":{"line":58,"column":14}}]},"8":{"type":"branch","line":43,"loc":{"start":{"line":43,"column":23},"end":{"line":51,"column":14}},"locations":[{"start":{"line":43,"column":23},"end":{"line":51,"column":14}}]},"9":{"type":"branch","line":50,"loc":{"start":{"line":50,"column":36},"end":{"line":50,"column":51}},"locations":[{"start":{"line":50,"column":36},"end":{"line":50,"column":51}}]},"10":{"type":"branch","line":50,"loc":{"start":{"line":50,"column":41},"end":{"line":50,"column":57}},"locations":[{"start":{"line":50,"column":41},"end":{"line":50,"column":57}}]},"11":{"type":"branch","line":51,"loc":{"start":{"line":51,"column":10},"end":{"line":58,"column":14}},"locations":[{"start":{"line":51,"column":10},"end":{"line":58,"column":14}}]},"12":{"type":"branch","line":54,"loc":{"start":{"line":54,"column":68},"end":{"line":54,"column":81}},"locations":[{"start":{"line":54,"column":68},"end":{"line":54,"column":81}}]},"13":{"type":"branch","line":57,"loc":{"start":{"line":57,"column":36},"end":{"line":57,"column":51}},"locations":[{"start":{"line":57,"column":36},"end":{"line":57,"column":51}}]},"14":{"type":"branch","line":57,"loc":{"start":{"line":57,"column":41},"end":{"line":57,"column":61}},"locations":[{"start":{"line":57,"column":41},"end":{"line":57,"column":61}}]}},"b":{"0":[23],"1":[12],"2":[0],"3":[10],"4":[2],"5":[10],"6":[2],"7":[11],"8":[1],"9":[0],"10":[0],"11":[10],"12":[0],"13":[0],"14":[0]},"fnMap":{"0":{"name":"DocumentListItem","decl":{"start":{"line":19,"column":58},"end":{"line":63,"column":2}},"loc":{"start":{"line":19,"column":58},"end":{"line":63,"column":2}},"line":19}},"f":{"0":23}}
,"/app/src/presentation/components/features/FileUpload/FileUploadModal.tsx": {"path":"/app/src/presentation/components/features/FileUpload/FileUploadModal.tsx","all":false,"statementMap":{"1":{"start":{"line":2,"column":0},"end":{"line":2,"column":26}},"29":{"start":{"line":30,"column":0},"end":{"line":30,"column":58}},"30":{"start":{"line":31,"column":0},"end":{"line":31,"column":9}},"31":{"start":{"line":32,"column":0},"end":{"line":32,"column":10}},"32":{"start":{"line":33,"column":0},"end":{"line":33,"column":9}},"33":{"start":{"line":34,"column":0},"end":{"line":34,"column":11}},"34":{"start":{"line":35,"column":0},"end":{"line":35,"column":16}},"35":{"start":{"line":36,"column":0},"end":{"line":36,"column":15}},"36":{"start":{"line":37,"column":0},"end":{"line":37,"column":15}},"37":{"start":{"line":38,"column":0},"end":{"line":38,"column":7}},"38":{"start":{"line":39,"column":0},"end":{"line":39,"column":27}},"40":{"start":{"line":41,"column":0},"end":{"line":41,"column":10}},"41":{"start":{"line":42,"column":0},"end":{"line":42,"column":120}},"42":{"start":{"line":43,"column":0},"end":{"line":43,"column":36}},"43":{"start":{"line":44,"column":0},"end":{"line":44,"column":45}},"44":{"start":{"line":45,"column":0},"end":{"line":45,"column":71}},"45":{"start":{"line":46,"column":0},"end":{"line":46,"column":47}},"46":{"start":{"line":47,"column":0},"end":{"line":47,"column":52}},"47":{"start":{"line":48,"column":0},"end":{"line":48,"column":48}},"48":{"start":{"line":49,"column":0},"end":{"line":49,"column":47}},"49":{"start":{"line":50,"column":0},"end":{"line":50,"column":15}},"51":{"start":{"line":52,"column":0},"end":{"line":52,"column":18}},"52":{"start":{"line":53,"column":0},"end":{"line":53,"column":43}},"53":{"start":{"line":54,"column":0},"end":{"line":54,"column":29}},"54":{"start":{"line":55,"column":0},"end":{"line":55,"column":28}},"55":{"start":{"line":56,"column":0},"end":{"line":56,"column":45}},"56":{"start":{"line":57,"column":0},"end":{"line":57,"column":45}},"57":{"start":{"line":58,"column":0},"end":{"line":58,"column":11}},"59":{"start":{"line":60,"column":0},"end":{"line":60,"column":19}},"60":{"start":{"line":61,"column":0},"end":{"line":61,"column":14}},"62":{"start":{"line":63,"column":0},"end":{"line":63,"column":75}},"63":{"start":{"line":64,"column":0},"end":{"line":64,"column":99}},"65":{"start":{"line":66,"column":0},"end":{"line":66,"column":38}},"66":{"start":{"line":67,"column":0},"end":{"line":67,"column":95}},"67":{"start":{"line":68,"column":0},"end":{"line":68,"column":19}},"68":{"start":{"line":69,"column":0},"end":{"line":69,"column":48}},"69":{"start":{"line":70,"column":0},"end":{"line":70,"column":50}},"70":{"start":{"line":71,"column":0},"end":{"line":71,"column":34}},"71":{"start":{"line":72,"column":0},"end":{"line":72,"column":40}},"72":{"start":{"line":73,"column":0},"end":{"line":73,"column":33}},"73":{"start":{"line":74,"column":0},"end":{"line":74,"column":35}},"74":{"start":{"line":75,"column":0},"end":{"line":75,"column":49}},"75":{"start":{"line":76,"column":0},"end":{"line":76,"column":16}},"76":{"start":{"line":77,"column":0},"end":{"line":77,"column":117}},"77":{"start":{"line":78,"column":0},"end":{"line":78,"column":18}},"80":{"start":{"line":81,"column":0},"end":{"line":81,"column":23}},"81":{"start":{"line":82,"column":0},"end":{"line":82,"column":15}},"82":{"start":{"line":83,"column":0},"end":{"line":83,"column":94}},"83":{"start":{"line":84,"column":0},"end":{"line":84,"column":90}},"85":{"start":{"line":86,"column":0},"end":{"line":86,"column":23}},"86":{"start":{"line":87,"column":0},"end":{"line":87,"column":16}},"88":{"start":{"line":89,"column":0},"end":{"line":89,"column":14}},"90":{"start":{"line":91,"column":0},"end":{"line":91,"column":45}},"91":{"start":{"line":92,"column":0},"end":{"line":92,"column":62}},"92":{"start":{"line":93,"column":0},"end":{"line":93,"column":20}},"93":{"start":{"line":94,"column":0},"end":{"line":94,"column":65}},"94":{"start":{"line":95,"column":0},"end":{"line":95,"column":37}},"95":{"start":{"line":96,"column":0},"end":{"line":96,"column":47}},"96":{"start":{"line":97,"column":0},"end":{"line":97,"column":13}},"98":{"start":{"line":99,"column":0},"end":{"line":99,"column":21}},"100":{"start":{"line":101,"column":0},"end":{"line":101,"column":38}},"101":{"start":{"line":102,"column":0},"end":{"line":102,"column":20}},"102":{"start":{"line":103,"column":0},"end":{"line":103,"column":46}},"103":{"start":{"line":104,"column":0},"end":{"line":104,"column":31}},"104":{"start":{"line":105,"column":0},"end":{"line":105,"column":47}},"105":{"start":{"line":106,"column":0},"end":{"line":106,"column":13}},"107":{"start":{"line":108,"column":0},"end":{"line":108,"column":21}},"109":{"start":{"line":110,"column":0},"end":{"line":110,"column":14}},"110":{"start":{"line":111,"column":0},"end":{"line":111,"column":12}},"111":{"start":{"line":112,"column":0},"end":{"line":112,"column":10}},"113":{"start":{"line":114,"column":0},"end":{"line":114,"column":2}},"115":{"start":{"line":116,"column":0},"end":{"line":116,"column":31}}},"s":{"1":1,"29":1,"30":20,"31":20,"32":20,"33":20,"34":20,"35":20,"36":20,"37":20,"38":20,"40":12,"41":12,"42":12,"43":12,"44":12,"45":20,"46":20,"47":20,"48":20,"49":20,"51":20,"52":20,"53":20,"54":20,"55":20,"56":20,"57":20,"59":20,"60":20,"62":20,"63":20,"65":20,"66":3,"67":3,"68":3,"69":3,"70":3,"71":3,"72":3,"73":3,"74":3,"75":3,"76":3,"77":3,"80":20,"81":5,"82":5,"83":5,"85":5,"86":5,"88":20,"90":20,"91":20,"92":1,"93":1,"94":1,"95":1,"96":1,"98":1,"100":20,"101":9,"102":9,"103":9,"104":9,"105":9,"107":9,"109":20,"110":20,"111":20,"113":20,"115":1},"branchMap":{"0":{"type":"branch","line":30,"loc":{"start":{"line":30,"column":56},"end":{"line":114,"column":2}},"locations":[{"start":{"line":30,"column":56},"end":{"line":114,"column":2}}]},"1":{"type":"branch","line":39,"loc":{"start":{"line":39,"column":15},"end":{"line":39,"column":27}},"locations":[{"start":{"line":39,"column":15},"end":{"line":39,"column":27}}]},"2":{"type":"branch","line":39,"loc":{"start":{"line":39,"column":22},"end":{"line":46,"column":34}},"locations":[{"start":{"line":39,"column":22},"end":{"line":46,"column":34}}]},"3":{"type":"branch","line":46,"loc":{"start":{"line":46,"column":24},"end":{"line":46,"column":47}},"locations":[{"start":{"line":46,"column":24},"end":{"line":46,"column":47}}]},"4":{"type":"branch","line":47,"loc":{"start":{"line":47,"column":24},"end":{"line":47,"column":52}},"locations":[{"start":{"line":47,"column":24},"end":{"line":47,"column":52}}]},"5":{"type":"branch","line":48,"loc":{"start":{"line":48,"column":24},"end":{"line":48,"column":48}},"locations":[{"start":{"line":48,"column":24},"end":{"line":48,"column":48}}]},"6":{"type":"branch","line":49,"loc":{"start":{"line":49,"column":24},"end":{"line":49,"column":47}},"locations":[{"start":{"line":49,"column":24},"end":{"line":49,"column":47}}]},"7":{"type":"branch","line":64,"loc":{"start":{"line":64,"column":11},"end":{"line":64,"column":99}},"locations":[{"start":{"line":64,"column":11},"end":{"line":64,"column":99}}]},"8":{"type":"branch","line":66,"loc":{"start":{"line":66,"column":22},"end":{"line":78,"column":18}},"locations":[{"start":{"line":66,"column":22},"end":{"line":78,"column":18}}]},"9":{"type":"branch","line":81,"loc":{"start":{"line":81,"column":11},"end":{"line":87,"column":16}},"locations":[{"start":{"line":81,"column":11},"end":{"line":87,"column":16}}]},"10":{"type":"branch","line":83,"loc":{"start":{"line":83,"column":54},"end":{"line":83,"column":89}},"locations":[{"start":{"line":83,"column":54},"end":{"line":83,"column":89}}]},"11":{"type":"branch","line":83,"loc":{"start":{"line":83,"column":64},"end":{"line":83,"column":91}},"locations":[{"start":{"line":83,"column":64},"end":{"line":83,"column":91}}]},"12":{"type":"branch","line":84,"loc":{"start":{"line":84,"column":38},"end":{"line":84,"column":73}},"locations":[{"start":{"line":84,"column":38},"end":{"line":84,"column":73}}]},"13":{"type":"branch","line":84,"loc":{"start":{"line":84,"column":48},"end":{"line":84,"column":90}},"locations":[{"start":{"line":84,"column":48},"end":{"line":84,"column":90}}]},"14":{"type":"branch","line":92,"loc":{"start":{"line":92,"column":22},"end":{"line":92,"column":44}},"locations":[{"start":{"line":92,"column":22},"end":{"line":92,"column":44}}]},"15":{"type":"branch","line":92,"loc":{"start":{"line":92,"column":32},"end":{"line":92,"column":62}},"locations":[{"start":{"line":92,"column":32},"end":{"line":92,"column":62}}]},"16":{"type":"branch","line":92,"loc":{"start":{"line":92,"column":44},"end":{"line":99,"column":21}},"locations":[{"start":{"line":92,"column":44},"end":{"line":99,"column":21}}]},"17":{"type":"branch","line":101,"loc":{"start":{"line":101,"column":22},"end":{"line":108,"column":21}},"locations":[{"start":{"line":101,"column":22},"end":{"line":108,"column":21}}]}},"b":{"0":[20],"1":[8],"2":[12],"3":[3],"4":[3],"5":[4],"6":[2],"7":[10],"8":[3],"9":[5],"10":[2],"11":[3],"12":[2],"13":[3],"14":[3],"15":[2],"16":[1],"17":[9]},"fnMap":{"0":{"name":"FileUploadModal","decl":{"start":{"line":30,"column":56},"end":{"line":114,"column":2}},"loc":{"start":{"line":30,"column":56},"end":{"line":114,"column":2}},"line":30}},"f":{"0":20}}
[...]
":9}},"60":{"start":{"line":61,"column":0},"end":{"line":61,"column":33}},"61":{"start":{"line":62,"column":0},"end":{"line":62,"column":77}},"64":{"start":{"line":65,"column":0},"end":{"line":65,"column":32}},"65":{"start":{"line":66,"column":0},"end":{"line":66,"column":51}},"66":{"start":{"line":67,"column":0},"end":{"line":67,"column":7}},"68":{"start":{"line":69,"column":0},"end":{"line":69,"column":21}},"70":{"start":{"line":71,"column":0},"end":{"line":71,"column":31}},"71":{"start":{"line":72,"column":0},"end":{"line":72,"column":82}},"72":{"start":{"line":73,"column":0},"end":{"line":73,"column":5}},"73":{"start":{"line":74,"column":0},"end":{"line":74,"column":21}},"78":{"start":{"line":79,"column":0},"end":{"line":79,"column":46}},"79":{"start":{"line":80,"column":0},"end":{"line":80,"column":26}},"82":{"start":{"line":83,"column":0},"end":{"line":83,"column":39}},"83":{"start":{"line":84,"column":0},"end":{"line":84,"column":27}},"84":{"start":{"line":85,"column":0},"end":{"line":85,"column":27}},"87":{"start":{"line":88,"column":0},"end":{"line":88,"column":39}},"88":{"start":{"line":89,"column":0},"end":{"line":89,"column":30}},"89":{"start":{"line":90,"column":0},"end":{"line":90,"column":7}},"90":{"start":{"line":91,"column":0},"end":{"line":91,"column":5}},"91":{"start":{"line":92,"column":0},"end":{"line":92,"column":21}},"96":{"start":{"line":97,"column":0},"end":{"line":97,"column":46}},"97":{"start":{"line":98,"column":0},"end":{"line":98,"column":26}},"98":{"start":{"line":99,"column":0},"end":{"line":99,"column":26}},"99":{"start":{"line":100,"column":0},"end":{"line":100,"column":28}},"100":{"start":{"line":101,"column":0},"end":{"line":101,"column":25}},"101":{"start":{"line":102,"column":0},"end":{"line":102,"column":25}},"102":{"start":{"line":103,"column":0},"end":{"line":103,"column":32}},"103":{"start":{"line":104,"column":0},"end":{"line":104,"column":9}},"105":{"start":{"line":106,"column":0},"end":{"line":106,"column":10}},"106":{"start":{"line":107,"column":0},"end":{"line":107,"column":17}},"107":{"start":{"line":108,"column":0},"end":{"line":108,"column":16}},"108":{"start":{"line":109,"column":0},"end":{"line":109,"column":17}},"109":{"start":{"line":110,"column":0},"end":{"line":110,"column":19}},"110":{"start":{"line":111,"column":0},"end":{"line":111,"column":18}},"111":{"start":{"line":112,"column":0},"end":{"line":112,"column":23}},"112":{"start":{"line":113,"column":0},"end":{"line":113,"column":21}},"113":{"start":{"line":114,"column":0},"end":{"line":114,"column":22}},"114":{"start":{"line":115,"column":0},"end":{"line":115,"column":21}},"115":{"start":{"line":116,"column":0},"end":{"line":116,"column":20}},"116":{"start":{"line":117,"column":0},"end":{"line":117,"column":4}},"117":{"start":{"line":118,"column":0},"end":{"line":118,"column":2}},"119":{"start":{"line":120,"column":0},"end":{"line":120,"column":29}}},"s":{"0":1,"1":1,"9":1,"11":33,"14":33,"17":33,"20":33,"23":33,"26":33,"31":33,"32":7,"33":7,"34":7,"35":7,"36":7,"37":33,"42":33,"43":7,"44":1,"45":1,"46":1,"47":1,"49":6,"51":6,"52":6,"55":6,"56":3,"57":6,"60":4,"61":7,"64":7,"65":4,"66":4,"68":7,"70":1,"71":1,"72":1,"73":33,"78":33,"79":2,"82":2,"83":1,"84":1,"87":1,"88":1,"89":1,"90":1,"91":33,"96":33,"97":1,"98":1,"99":1,"100":1,"101":1,"102":1,"103":33,"105":33,"106":33,"107":33,"108":33,"109":33,"110":33,"111":33,"112":33,"113":33,"114":33,"115":33,"116":33,"117":33,"119":1},"branchMap":{"0":{"type":"branch","line":10,"loc":{"start":{"line":10,"column":29},"end":{"line":118,"column":2}},"locations":[{"start":{"line":10,"column":29},"end":{"line":118,"column":2}}]},"1":{"type":"branch","line":32,"loc":{"start":{"line":32,"column":39},"end":{"line":38,"column":5}},"locations":[{"start":{"line":32,"column":39},"end":{"line":38,"column":5}}]},"2":{"type":"branch","line":43,"loc":{"start":{"line":43,"column":40},"end":{"line":74,"column":5}},"locations":[{"start":{"line":43,"column":40},"end":{"line":74,"column":5}}]},"3":{"type":"branch","line":44,"loc":{"start":{"line":44,"column":23},"end":{"line":48,"column":5}},"locations":[{"start":{"line":44,"column":23},"end":{"line":48,"column":5}}]},"4":{"type":"branch","line":48,"loc":{"start":{"line":48,"column":4},"end":{"line":58,"column":9}},"locations":[{"start":{"line":48,"column":4},"end":{"line":58,"column":9}}]},"5":{"type":"branch","line":58,"loc":{"start":{"line":58,"column":7},"end":{"line":62,"column":43}},"locations":[{"start":{"line":58,"column":7},"end":{"line":62,"column":43}}]},"6":{"type":"branch","line":62,"loc":{"start":{"line":62,"column":32},"end":{"line":62,"column":75}},"locations":[{"start":{"line":62,"column":32},"end":{"line":62,"column":75}}]},"7":{"type":"branch","line":65,"loc":{"start":{"line":65,"column":31},"end":{"line":67,"column":7}},"locations":[{"start":{"line":65,"column":31},"end":{"line":67,"column":7}}]},"8":{"type":"branch","line":69,"loc":{"start":{"line":69,"column":4},"end":{"line":73,"column":5}},"locations":[{"start":{"line":69,"column":4},"end":{"line":73,"column":5}}]},"9":{"type":"branch","line":72,"loc":{"start":{"line":72,"column":54},"end":{"line":72,"column":80}},"locations":[{"start":{"line":72,"column":54},"end":{"line":72,"column":80}}]},"10":{"type":"branch","line":56,"loc":{"start":{"line":56,"column":57},"end":{"line":58,"column":7}},"locations":[{"start":{"line":56,"column":57},"end":{"line":58,"column":7}}]},"11":{"type":"branch","line":79,"loc":{"start":{"line":79,"column":39},"end":{"line":92,"column":5}},"locations":[{"start":{"line":79,"column":39},"end":{"line":92,"column":5}}]},"12":{"type":"branch","line":83,"loc":{"start":{"line":83,"column":38},"end":{"line":91,"column":5}},"locations":[{"start":{"line":83,"column":38},"end":{"line":91,"column":5}}]},"13":{"type":"branch","line":97,"loc":{"start":{"line":97,"column":39},"end":{"line":104,"column":5}},"locations":[{"start":{"line":97,"column":39},"end":{"line":104,"column":5}}]}},"b":{"0":[33],"1":[7],"2":[7],"3":[1],"4":[6],"5":[4],"6":[0],"7":[4],"8":[1],"9":[0],"10":[3],"11":[2],"12":[1],"13":[1]},"fnMap":{"0":{"name":"useFileUpload","decl":{"start":{"line":10,"column":29},"end":{"line":118,"column":2}},"loc":{"start":{"line":10,"column":29},"end":{"line":118,"column":2}},"line":10}},"f":{"0":33}}
,"/app/src/presentation/pages/LibraryPage.tsx": {"path":"/app/src/presentation/pages/LibraryPage.tsx","all":false,"statementMap":{"0":{"start":{"line":1,"column":0},"end":{"line":1,"column":51}},"1":{"start":{"line":2,"column":0},"end":{"line":2,"column":74}},"2":{"start":{"line":3,"column":0},"end":{"line":3,"column":80}},"3":{"start":{"line":4,"column":0},"end":{"line":4,"column":76}},"4":{"start":{"line":5,"column":0},"end":{"line":5,"column":61}},"5":{"start":{"line":6,"column":0},"end":{"line":6,"column":51}},"6":{"start":{"line":7,"column":0},"end":{"line":7,"column":57}},"7":{"start":{"line":8,"column":0},"end":{"line":8,"column":27}},"13":{"start":{"line":14,"column":0},"end":{"line":14,"column":37}},"15":{"start":{"line":16,"column":0},"end":{"line":16,"column":9}},"16":{"start":{"line":17,"column":0},"end":{"line":17,"column":14}},"17":{"start":{"line":18,"column":0},"end":{"line":18,"column":14}},"18":{"start":{"line":19,"column":0},"end":{"line":19,"column":10}},"19":{"start":{"line":20,"column":0},"end":{"line":20,"column":13}},"20":{"start":{"line":21,"column":0},"end":{"line":21,"column":16}},"21":{"start":{"line":22,"column":0},"end":{"line":22,"column":24}},"22":{"start":{"line":23,"column":0},"end":{"line":23,"column":20}},"23":{"start":{"line":24,"column":0},"end":{"line":24,"column":27}},"26":{"start":{"line":27,"column":0},"end":{"line":27,"column":9}},"27":{"start":{"line":28,"column":0},"end":{"line":28,"column":17}},"28":{"start":{"line":29,"column":0},"end":{"line":29,"column":16}},"29":{"start":{"line":30,"column":0},"end":{"line":30,"column":17}},"30":{"start":{"line":31,"column":0},"end":{"line":31,"column":19}},"31":{"start":{"line":32,"column":0},"end":{"line":32,"column":18}},"32":{"start":{"line":33,"column":0},"end":{"line":33,"column":21}},"33":{"start":{"line":34,"column":0},"end":{"line":34,"column":22}},"34":{"start":{"line":35,"column":0},"end":{"line":35,"column":20}},"35":{"start":{"line":36,"column":0},"end":{"line":36,"column":22}},"37":{"start":{"line":38,"column":0},"end":{"line":38,"column":84}},"40":{"start":{"line":41,"column":0},"end":{"line":41,"column":19}},"41":{"start":{"line":42,"column":0},"end":{"line":42,"column":37}},"42":{"start":{"line":43,"column":0},"end":{"line":43,"column":25}},"43":{"start":{"line":44,"column":0},"end":{"line":44,"column":5}},"44":{"start":{"line":45,"column":0},"end":{"line":45,"column":39}},"46":{"start":{"line":47,"column":0},"end":{"line":47,"column":10}},"47":{"start":{"line":48,"column":0},"end":{"line":48,"column":71}},"48":{"start":{"line":49,"column":0},"end":{"line":49,"column":41}},"49":{"start":{"line":50,"column":0},"end":{"line":50,"column":22}},"50":{"start":{"line":51,"column":0},"end":{"line":51,"column":41}},"51":{"start":{"line":52,"column":0},"end":{"line":52,"column":24}},"52":{"start":{"line":53,"column":0},"end":{"line":53,"column":44}},"53":{"start":{"line":54,"column":0},"end":{"line":54,"column":52}},"54":{"start":{"line":55,"column":0},"end":{"line":55,"column":12}},"55":{"start":{"line":56,"column":0},"end":{"line":56,"column":14}},"56":{"start":{"line":57,"column":0},"end":{"line":57,"column":15}},"58":{"start":{"line":59,"column":0},"end":{"line":59,"column":40}},"60":{"start":{"line":61,"column":0},"end":{"line":61,"column":42}},"61":{"start":{"line":62,"column":0},"end":{"line":62,"column":17}},"62":{"start":{"line":63,"column":0},"end":{"line":63,"column":47}},"63":{"start":{"line":64,"column":0},"end":{"line":64,"column":42}},"64":{"start":{"line":65,"column":0},"end":{"line":65,"column":42}},"65":{"start":{"line":66,"column":0},"end":{"line":66,"column":11}},"67":{"start":{"line":68,"column":0},"end":{"line":68,"column":19}},"68":{"start":{"line":69,"column":0},"end":{"line":69,"column":17}},"69":{"start":{"line":70,"column":0},"end":{"line":70,"column":47}},"70":{"start":{"line":71,"column":0},"end":{"line":71,"column":42}},"71":{"start":{"line":72,"column":0},"end":{"line":72,"column":42}},"72":{"start":{"line":73,"column":0},"end":{"line":73,"column":11}},"74":{"start":{"line":75,"column":0},"end":{"line":75,"column":19}},"75":{"start":{"line":76,"column":0},"end":{"line":76,"column":14}},"78":{"start":{"line":79,"column":0},"end":{"line":79,"column":76}},"79":{"start":{"line":80,"column":0},"end":{"line":80,"column":98}},"81":{"start":{"line":82,"column":0},"end":{"line":82,"column":21}},"82":{"start":{"line":83,"column":0},"end":{"line":83,"column":75}},"83":{"start":{"line":84,"column":0},"end":{"line":84,"column":86}},"84":{"start":{"line":85,"column":0},"end":{"line":85,"column":82}},"85":{"start":{"line":86,"column":0},"end":{"line":86,"column":22}},"86":{"start":{"line":87,"column":0},"end":{"line":87,"column":40}},"87":{"start":{"line":88,"column":0},"end":{"line":88,"column":42}},"88":{"start":{"line":89,"column":0},"end":{"line":89,"column":45}},"89":{"start":{"line":90,"column":0},"end":{"line":90,"column":15}},"91":{"start":{"line":92,"column":0},"end":{"line":92,"column":23}},"92":{"start":{"line":93,"column":0},"end":{"line":93,"column":18}},"95":{"start":{"line":96,"column":0},"end":{"line":96,"column":36}},"96":{"start":{"line":97,"column":0},"end":{"line":97,"column":14}},"97":{"start":{"line":98,"column":0},"end":{"line":98,"column":113}},"98":{"start":{"line":99,"column":0},"end":{"line":99,"column":38}},"99":{"start":{"line":100,"column":0},"end":{"line":100,"column":47}},"100":{"start":{"line":101,"column":0},"end":{"line":101,"column":63}},"101":{"start":{"line":102,"column":0},"end":{"line":102,"column":22}},"103":{"start":{"line":104,"column":0},"end":{"line":104,"column":15}},"105":{"start":{"line":106,"column":0},"end":{"line":106,"column":14}},"106":{"start":{"line":107,"column":0},"end":{"line":107,"column":13}},"109":{"start":{"line":110,"column":0},"end":{"line":110,"column":23}},"110":{"start":{"line":111,"column":0},"end":{"line":111,"column":28}},"111":{"start":{"line":112,"column":0},"end":{"line":112,"column":34}},"112":{"start":{"line":113,"column":0},"end":{"line":113,"column":29}},"113":{"start":{"line":114,"column":0},"end":{"line":114,"column":33}},"114":{"start":{"line":115,"column":0},"end":{"line":115,"column":37}},"115":{"start":{"line":116,"column":0},"end":{"line":116,"column":31}},"116":{"start":{"line":117,"column":0},"end":{"line":117,"column":41}},"117":{"start":{"line":118,"column":0},"end":{"line":118,"column":8}},"118":{"start":{"line":119,"column":0},"end":{"line":119,"column":10}},"120":{"start":{"line":121,"column":0},"end":{"line":121,"column":2}},"122":{"start":{"line":123,"column":0},"end":{"line":123,"column":27}}},"s":{"0":1,"1":1,"2":1,"3":1,"4":1,"5":1,"6":1,"7":1,"13":1,"15":9,"16":9,"17":9,"18":9,"19":9,"20":9,"21":9,"22":9,"23":9,"26":9,"27":9,"28":9,"29":9,"30":9,"31":9,"32":9,"33":9,"34":9,"35":9,"37":9,"40":9,"41":9,"42":1,"43":1,"44":9,"46":9,"47":9,"48":9,"49":9,"50":9,"51":9,"52":9,"53":9,"54":9,"55":9,"56":9,"58":9,"60":9,"61":9,"62":9,"63":9,"64":9,"65":9,"67":9,"68":9,"69":9,"70":9,"71":9,"72":9,"74":9,"75":9,"78":9,"79":9,"81":9,"82":1,"83":1,"84":1,"85":1,"86":1,"87":1,"88":1,"89":1,"91":1,"92":1,"95":9,"96":7,"97":7,"98":7,"99":0,"100":0,"101":0,"103":7,"105":9,"106":9,"109":9,"110":9,"111":9,"112":9,"113":9,"114":9,"115":9,"116":9,"117":9,"118":9,"120":9,"122":1},"branchMap":{"0":{"type":"branch","line":14,"loc":{"start":{"line":14,"column":30},"end":{"line":121,"column":2}},"locations":[{"start":{"line":14,"column":30},"end":{"line":121,"column":2}}]},"1":{"type":"branch","line":80,"loc":{"start":{"line":80,"column":11},"end":{"line":80,"column":98}},"locations":[{"start":{"line":80,"column":11},"end":{"line":80,"column":98}}]},"2":{"type":"branch","line":82,"loc":{"start":{"line":82,"column":11},"end":{"line":93,"column":18}},"locations":[{"start":{"line":82,"column":11},"end":{"line":93,"column":18}}]},"3":{"type":"branch","line":96,"loc":{"start":{"line":96,"column":12},"end":{"line":96,"column":36}},"locations":[{"start":{"line":96,"column":12},"end":{"line":96,"column":36}}]},"4":{"type":"branch","line":96,"loc":{"start":{"line":96,"column":26},"end":{"line":104,"column":15}},"locations":[{"start":{"line":96,"column":26},"end":{"line":104,"column":15}}]},"5":{"type":"branch","line":99,"loc":{"start":{"line":99,"column":15},"end":{"line":102,"column":22}},"locations":[{"start":{"line":99,"column":15},"end":{"line":102,"column":22}}]},"6":{"type":"branch","line":115,"loc":{"start":{"line":115,"column":18},"end":{"line":115,"column":37}},"locations":[{"start":{"line":115,"column":18},"end":{"line":115,"column":37}}]},"7":{"type":"branch","line":41,"loc":{"start":{"line":41,"column":12},"end":{"line":45,"column":5}},"locations":[{"start":{"line":41,"column":12},"end":{"line":45,"column":5}}]},"8":{"type":"branch","line":42,"loc":{"start":{"line":42,"column":36},"end":{"line":44,"column":5}},"locations":[{"start":{"line":42,"column":36},"end":{"line":44,"column":5}}]},"9":{"type":"branch","line":70,"loc":{"start":{"line":70,"column":21},"end":{"line":70,"column":47}},"locations":[{"start":{"line":70,"column":21},"end":{"line":70,"column":47}}]}},"b":{"0":[9],"1":[1],"2":[1],"3":[8],"4":[7],"5":[0],"6":[3],"7":[9],"8":[1],"9":[1]},"fnMap":{"0":{"name":"LibraryPage","decl":{"start":{"line":14,"column":30},"end":{"line":121,"column":2}},"loc":{"start":{"line":14,"column":30},"end":{"line":121,"column":2}},"line":14},"1":{"name":"onClick","decl":{"start":{"line":63,"column":21},"end":{"line":63,"column":47}},"loc":{"start":{"line":63,"column":21},"end":{"line":63,"column":47}},"line":63},"2":{"name":"onClick","decl":{"start":{"line":70,"column":21},"end":{"line":70,"column":47}},"loc":{"start":{"line":70,"column":21},"end":{"line":70,"column":47}},"line":70}},"f":{"0":9,"1":0,"2":1}}
,"/app/src/presentation/pages/solution-notes.ts": {"path":"/app/src/presentation/pages/solution-notes.ts","all":true,"statementMap":{},"s":{},"branchMap":{"0":{"type":"branch","line":1,"loc":{"start":{"line":1,"column":1336},"end":{"line":57,"column":25}},"locations":[{"start":{"line":1,"column":1336},"end":{"line":57,"column":25}}]}},"b":{"0":[1]},"fnMap":{"0":{"name":"(empty-report)","decl":{"start":{"line":1,"column":1336},"end":{"line":57,"column":25}},"loc":{"start":{"line":1,"column":1336},"end":{"line":57,"column":25}},"line":1}},"f":{"0":1}}
,"/app/src/presentation/pages/test-fix-proposal.ts": {"path":"/app/src/presentation/pages/test-fix-proposal.ts","all":true,"statementMap":{},"s":{},"branchMap":{"0":{"type":"branch","line":1,"loc":{"start":{"line":1,"column":2527},"end":{"line":83,"column":3}},"locations":[{"start":{"line":1,"column":2527},"end":{"line":83,"column":3}}]}},"b":{"0":[1]},"fnMap":{"0":{"name":"(empty-report)","decl":{"start":{"line":1,"column":2527},"end":{"line":83,"column":3}},"loc":{"start":{"line":1,"column":2527},"end":{"line":83,"column":3}},"line":1}},"f":{"0":1}}
,"/app/src/types/chat.ts": {"path":"/app/src/types/chat.ts","all":true,"statementMap":{},"s":{},"branchMap":{"0":{"type":"branch","line":1,"loc":{"start":{"line":1,"column":601},"end":{"line":35,"column":1}},"locations":[{"start":{"line":1,"column":601},"end":{"line":35,"column":1}}]}},"b":{"0":[1]},"fnMap":{"0":{"name":"(empty-report)","decl":{"start":{"line":1,"column":601},"end":{"line":35,"column":1}},"loc":{"start":{"line":1,"column":601},"end":{"line":35,"column":1}},"line":1}},"f":{"0":1}}
,"/app/src/types/document.ts": {"path":"/app/src/types/document.ts","all":true,"statementMap":{},"s":{},"branchMap":{"0":{"type":"branch","line":1,"loc":{"start":{"line":1,"column":486},"end":{"line":23,"column":1}},"locations":[{"start":{"line":1,"column":486},"end":{"line":23,"column":1}}]}},"b":{"0":[1]},"fnMap":{"0":{"name":"(empty-report)","decl":{"start":{"line":1,"column":486},"end":{"line":23,"column":1}},"loc":{"start":{"line":1,"column":486},"end":{"line":23,"column":1}},"line":1}},"f":{"0":1}}
,"/app/src/types/paginatedDocumentsResponse.ts": {"path":"/app/src/types/paginatedDocumentsResponse.ts","all":true,"statementMap":{},"s":{},"branchMap":{"0":{"type":"branch","line":1,"loc":{"start":{"line":1,"column":204},"end":{"line":9,"column":1}},"locations":[{"start":{"line":1,"column":204},"end":{"line":9,"column":1}}]}},"b":{"0":[1]},"fnMap":{"0":{"name":"(empty-report)","decl":{"start":{"line":1,"column":204},"end":{"line":9,"column":1}},"loc":{"start":{"line":1,"column":204},"end":{"line":9,"column":1}},"line":1}},"f":{"0":1}}
,"/app/src/utils/csrf.ts": {"path":"/app/src/utils/csrf.ts","all":false,"statementMap":{"3":{"start":{"line":4,"column":0},"end":{"line":4,"column":43}},"4":{"start":{"line":5,"column":0},"end":{"line":5,"column":40}},"5":{"start":{"line":6,"column":0},"end":{"line":6,"column":92}},"6":{"start":{"line":7,"column":0},"end":{"line":7,"column":3}},"7":{"start":{"line":8,"column":0},"end":{"line":8,"column":12}},"8":{"start":{"line":9,"column":0},"end":{"line":9,"column":2}}},"s":{"3":1,"4":4,"5":4,"6":4,"7":0,"8":0},"branchMap":{"0":{"type":"branch","line":4,"loc":{"start":{"line":4,"column":28},"end":{"line":9,"column":2}},"locations":[{"start":{"line":4,"column":28},"end":{"line":9,"column":2}}]},"1":{"type":"branch","line":6,"loc":{"start":{"line":6,"column":59},"end":{"line":6,"column":75}},"locations":[{"start":{"line":6,"column":59},"end":{"line":6,"column":75}}]},"2":{"type":"branch","line":7,"loc":{"start":{"line":7,"column":2},"end":{"line":9,"column":2}},"locations":[{"start":{"line":7,"column":2},"end":{"line":9,"column":2}}]}},"b":{"0":[4],"1":[0],"2":[0]},"fnMap":{"0":{"name":"getCsrfToken","decl":{"start":{"line":4,"column":28},"end":{"line":9,"column":2}},"loc":{"start":{"line":4,"column":28},"end":{"line":9,"column":2}},"line":4}},"f":{"0":4}}
}
